{"uid":"8bdeca9d6b0299d0","name":"testForm3Faker()","fullName":"testFormQa.testFormDr.testForm3Faker","historyId":"5204034e5396be6538edea73f0540c89","time":{"start":1699204507087,"stop":1699204514624,"duration":7537},"description":"","status":"failed","statusMessage":"Invalid element state [#state]: element click intercepted: Element <div class=\" css-2b097c-container\" id=\"state\">...</div> is not clickable at point (616, 602). Other element would receive the click: <iframe frameborder=\"0\" src=\"https://43f35d8b75f81f7491e869baa00c9c7c.safeframe.googlesyndication.com/safeframe/1-0-40/html/container.html\" id=\"google_ads_iframe_/21849154601,22343295815/Ad.Plus-Anchor_0\" title=\"3rd party ad content\" name=\"\" scrolling=\"no\" marginwidth=\"0\" marginheight=\"0\" width=\"728\" height=\"90\" data-is-safeframe=\"true\" sandbox=\"allow-forms allow-popups allow-popups-to-escape-sandbox allow-same-origin allow-scripts allow-top-navigation-by-user-activation\" role=\"region\" aria-label=\"Advertisement\" tabindex=\"0\" data-google-container-id=\"1\" style=\"border: 0px; vertical-align: bottom;\" data-load-complete=\"true\"></iframe>\nScreenshot: file:/home/runner/work/QA/QA/build/reports/tests/1699204514299.0.png\nPage source: file:/home/runner/work/QA/QA/build/reports/tests/1699204514299.0.html\nTimeout: 4 s.\nCaused by: ElementClickInterceptedException: element click intercepted: Element <div class=\" css-2b097c-container\" id=\"state\">...</div> is not clickable at point (616, 602). Other element would receive the click: <iframe frameborder=\"0\" src=\"https://43f35d8b75f81f7491e869baa00c9c7c.safeframe.googlesyndication.com/safeframe/1-0-40/html/container.html\" id=\"google_ads_iframe_/21849154601,22343295815/Ad.Plus-Anchor_0\" title=\"3rd party ad content\" name=\"\" scrolling=\"no\" marginwidth=\"0\" marginheight=\"0\" width=\"728\" height=\"90\" data-is-safeframe=\"true\" sandbox=\"allow-forms allow-popups allow-popups-to-escape-sandbox allow-same-origin allow-scripts allow-top-navigation-by-user-activation\" role=\"region\" aria-label=\"Advertisement\" tabindex=\"0\" data-google-container-id=\"1\" style=\"border: 0px; vertical-align: bottom;\" data-load-complete=\"true\"></iframe>","statusTrace":"Invalid element state [#state]: element click intercepted: Element <div class=\" css-2b097c-container\" id=\"state\">...</div> is not clickable at point (616, 602). Other element would receive the click: <iframe frameborder=\"0\" src=\"https://43f35d8b75f81f7491e869baa00c9c7c.safeframe.googlesyndication.com/safeframe/1-0-40/html/container.html\" id=\"google_ads_iframe_/21849154601,22343295815/Ad.Plus-Anchor_0\" title=\"3rd party ad content\" name=\"\" scrolling=\"no\" marginwidth=\"0\" marginheight=\"0\" width=\"728\" height=\"90\" data-is-safeframe=\"true\" sandbox=\"allow-forms allow-popups allow-popups-to-escape-sandbox allow-same-origin allow-scripts allow-top-navigation-by-user-activation\" role=\"region\" aria-label=\"Advertisement\" tabindex=\"0\" data-google-container-id=\"1\" style=\"border: 0px; vertical-align: bottom;\" data-load-complete=\"true\"></iframe>\nScreenshot: file:/home/runner/work/QA/QA/build/reports/tests/1699204514299.0.png\nPage source: file:/home/runner/work/QA/QA/build/reports/tests/1699204514299.0.html\nTimeout: 4 s.\nCaused by: ElementClickInterceptedException: element click intercepted: Element <div class=\" css-2b097c-container\" id=\"state\">...</div> is not clickable at point (616, 602). Other element would receive the click: <iframe frameborder=\"0\" src=\"https://43f35d8b75f81f7491e869baa00c9c7c.safeframe.googlesyndication.com/safeframe/1-0-40/html/container.html\" id=\"google_ads_iframe_/21849154601,22343295815/Ad.Plus-Anchor_0\" title=\"3rd party ad content\" name=\"\" scrolling=\"no\" marginwidth=\"0\" marginheight=\"0\" width=\"728\" height=\"90\" data-is-safeframe=\"true\" sandbox=\"allow-forms allow-popups allow-popups-to-escape-sandbox allow-same-origin allow-scripts allow-top-navigation-by-user-activation\" role=\"region\" aria-label=\"Advertisement\" tabindex=\"0\" data-google-container-id=\"1\" style=\"border: 0px; vertical-align: bottom;\" data-load-complete=\"true\"></iframe>\n\tat com.codeborne.selenide.impl.ExceptionWrapper.wrap(ExceptionWrapper.java:26)\n\tat com.codeborne.selenide.impl.SelenideElementProxy.dispatchAndRetry(SelenideElementProxy.java:154)\n\tat com.codeborne.selenide.impl.SelenideElementProxy.invoke(SelenideElementProxy.java:84)\n\tat com.sun.proxy.$Proxy24.click(Unknown Source)\n\tat testFormQa.testFormDr.testForm3Faker(testFormDr.java:71)\n\tat java.base/jdk.internal.reflect.NativeMethodAccessorImpl.invoke0(Native Method)\n\tat java.base/jdk.internal.reflect.NativeMethodAccessorImpl.invoke(NativeMethodAccessorImpl.java:62)\n\tat java.base/jdk.internal.reflect.DelegatingMethodAccessorImpl.invoke(DelegatingMethodAccessorImpl.java:43)\n\tat java.base/java.lang.reflect.Method.invoke(Method.java:566)\n\tat org.junit.platform.commons.util.ReflectionUtils.invokeMethod(ReflectionUtils.java:725)\n\tat org.junit.jupiter.engine.execution.MethodInvocation.proceed(MethodInvocation.java:60)\n\tat org.junit.jupiter.engine.execution.InvocationInterceptorChain$ValidatingInvocation.proceed(InvocationInterceptorChain.java:131)\n\tat org.junit.jupiter.api.extension.InvocationInterceptor.interceptTestMethod(InvocationInterceptor.java:118)\n\tat org.junit.jupiter.engine.execution.ExecutableInvoker$ReflectiveInterceptorCall.lambda$ofVoidMethod$0(ExecutableInvoker.java:115)\n\tat org.junit.jupiter.engine.execution.ExecutableInvoker.lambda$invoke$0(ExecutableInvoker.java:105)\n\tat org.junit.jupiter.engine.execution.InvocationInterceptorChain$InterceptedInvocation.proceed(InvocationInterceptorChain.java:106)\n\tat org.junit.jupiter.engine.extension.TimeoutExtension.intercept(TimeoutExtension.java:149)\n\tat org.junit.jupiter.engine.extension.TimeoutExtension.interceptTestableMethod(TimeoutExtension.java:140)\n\tat org.junit.jupiter.engine.extension.TimeoutExtension.interceptTestMethod(TimeoutExtension.java:84)\n\tat org.junit.jupiter.engine.execution.ExecutableInvoker$ReflectiveInterceptorCall.lambda$ofVoidMethod$0(ExecutableInvoker.java:115)\n\tat org.junit.jupiter.engine.execution.ExecutableInvoker.lambda$invoke$0(ExecutableInvoker.java:105)\n\tat org.junit.jupiter.engine.execution.InvocationInterceptorChain$InterceptedInvocation.proceed(InvocationInterceptorChain.java:106)\n\tat org.junit.jupiter.engine.execution.InvocationInterceptorChain.proceed(InvocationInterceptorChain.java:64)\n\tat org.junit.jupiter.engine.execution.InvocationInterceptorChain.chainAndInvoke(InvocationInterceptorChain.java:45)\n\tat org.junit.jupiter.engine.execution.InvocationInterceptorChain.invoke(InvocationInterceptorChain.java:37)\n\tat org.junit.jupiter.engine.execution.ExecutableInvoker.invoke(ExecutableInvoker.java:104)\n\tat org.junit.jupiter.engine.execution.ExecutableInvoker.invoke(ExecutableInvoker.java:98)\n\tat org.junit.jupiter.engine.descriptor.TestMethodTestDescriptor.lambda$invokeTestMethod$7(TestMethodTestDescriptor.java:214)\n\tat org.junit.platform.engine.support.hierarchical.ThrowableCollector.execute(ThrowableCollector.java:73)\n\tat org.junit.jupiter.engine.descriptor.TestMethodTestDescriptor.invokeTestMethod(TestMethodTestDescriptor.java:210)\n\tat org.junit.jupiter.engine.descriptor.TestMethodTestDescriptor.execute(TestMethodTestDescriptor.java:135)\n\tat org.junit.jupiter.engine.descriptor.TestMethodTestDescriptor.execute(TestMethodTestDescriptor.java:66)\n\tat org.junit.platform.engine.support.hierarchical.NodeTestTask.lambda$executeRecursively$6(NodeTestTask.java:151)\n\tat org.junit.platform.engine.support.hierarchical.ThrowableCollector.execute(ThrowableCollector.java:73)\n\tat org.junit.platform.engine.support.hierarchical.NodeTestTask.lambda$executeRecursively$8(NodeTestTask.java:141)\n\tat org.junit.platform.engine.support.hierarchical.Node.around(Node.java:137)\n\tat org.junit.platform.engine.support.hierarchical.NodeTestTask.lambda$executeRecursively$9(NodeTestTask.java:139)\n\tat org.junit.platform.engine.support.hierarchical.ThrowableCollector.execute(ThrowableCollector.java:73)\n\tat org.junit.platform.engine.support.hierarchical.NodeTestTask.executeRecursively(NodeTestTask.java:138)\n\tat org.junit.platform.engine.support.hierarchical.NodeTestTask.execute(NodeTestTask.java:95)\n\tat java.base/java.util.ArrayList.forEach(ArrayList.java:1541)\n\tat org.junit.platform.engine.support.hierarchical.SameThreadHierarchicalTestExecutorService.invokeAll(SameThreadHierarchicalTestExecutorService.java:41)\n\tat org.junit.platform.engine.support.hierarchical.NodeTestTask.lambda$executeRecursively$6(NodeTestTask.java:155)\n\tat org.junit.platform.engine.support.hierarchical.ThrowableCollector.execute(ThrowableCollector.java:73)\n\tat org.junit.platform.engine.support.hierarchical.NodeTestTask.lambda$executeRecursively$8(NodeTestTask.java:141)\n\tat org.junit.platform.engine.support.hierarchical.Node.around(Node.java:137)\n\tat org.junit.platform.engine.support.hierarchical.NodeTestTask.lambda$executeRecursively$9(NodeTestTask.java:139)\n\tat org.junit.platform.engine.support.hierarchical.ThrowableCollector.execute(ThrowableCollector.java:73)\n\tat org.junit.platform.engine.support.hierarchical.NodeTestTask.executeRecursively(NodeTestTask.java:138)\n\tat org.junit.platform.engine.support.hierarchical.NodeTestTask.execute(NodeTestTask.java:95)\n\tat java.base/java.util.ArrayList.forEach(ArrayList.java:1541)\n\tat org.junit.platform.engine.support.hierarchical.SameThreadHierarchicalTestExecutorService.invokeAll(SameThreadHierarchicalTestExecutorService.java:41)\n\tat org.junit.platform.engine.support.hierarchical.NodeTestTask.lambda$executeRecursively$6(NodeTestTask.java:155)\n\tat org.junit.platform.engine.support.hierarchical.ThrowableCollector.execute(ThrowableCollector.java:73)\n\tat org.junit.platform.engine.support.hierarchical.NodeTestTask.lambda$executeRecursively$8(NodeTestTask.java:141)\n\tat org.junit.platform.engine.support.hierarchical.Node.around(Node.java:137)\n\tat org.junit.platform.engine.support.hierarchical.NodeTestTask.lambda$executeRecursively$9(NodeTestTask.java:139)\n\tat org.junit.platform.engine.support.hierarchical.ThrowableCollector.execute(ThrowableCollector.java:73)\n\tat org.junit.platform.engine.support.hierarchical.NodeTestTask.executeRecursively(NodeTestTask.java:138)\n\tat org.junit.platform.engine.support.hierarchical.NodeTestTask.execute(NodeTestTask.java:95)\n\tat org.junit.platform.engine.support.hierarchical.SameThreadHierarchicalTestExecutorService.submit(SameThreadHierarchicalTestExecutorService.java:35)\n\tat org.junit.platform.engine.support.hierarchical.HierarchicalTestExecutor.execute(HierarchicalTestExecutor.java:57)\n\tat org.junit.platform.engine.support.hierarchical.HierarchicalTestEngine.execute(HierarchicalTestEngine.java:54)\n\tat org.junit.platform.launcher.core.EngineExecutionOrchestrator.execute(EngineExecutionOrchestrator.java:107)\n\tat org.junit.platform.launcher.core.EngineExecutionOrchestrator.execute(EngineExecutionOrchestrator.java:88)\n\tat org.junit.platform.launcher.core.EngineExecutionOrchestrator.lambda$execute$0(EngineExecutionOrchestrator.java:54)\n\tat org.junit.platform.launcher.core.EngineExecutionOrchestrator.withInterceptedStreams(EngineExecutionOrchestrator.java:67)\n\tat org.junit.platform.launcher.core.EngineExecutionOrchestrator.execute(EngineExecutionOrchestrator.java:52)\n\tat org.junit.platform.launcher.core.DefaultLauncher.execute(DefaultLauncher.java:114)\n\tat org.junit.platform.launcher.core.DefaultLauncher.execute(DefaultLauncher.java:86)\n\tat org.junit.platform.launcher.core.DefaultLauncherSession$DelegatingLauncher.execute(DefaultLauncherSession.java:86)\n\tat org.junit.platform.launcher.core.SessionPerRequestLauncher.execute(SessionPerRequestLauncher.java:53)\n\tat org.gradle.api.internal.tasks.testing.junitplatform.JUnitPlatformTestClassProcessor$CollectAllTestClassesExecutor.processAllTestClasses(JUnitPlatformTestClassProcessor.java:99)\n\tat org.gradle.api.internal.tasks.testing.junitplatform.JUnitPlatformTestClassProcessor$CollectAllTestClassesExecutor.access$000(JUnitPlatformTestClassProcessor.java:79)\n\tat org.gradle.api.internal.tasks.testing.junitplatform.JUnitPlatformTestClassProcessor.stop(JUnitPlatformTestClassProcessor.java:75)\n\tat org.gradle.api.internal.tasks.testing.SuiteTestClassProcessor.stop(SuiteTestClassProcessor.java:61)\n\tat java.base/jdk.internal.reflect.NativeMethodAccessorImpl.invoke0(Native Method)\n\tat java.base/jdk.internal.reflect.NativeMethodAccessorImpl.invoke(NativeMethodAccessorImpl.java:62)\n\tat java.base/jdk.internal.reflect.DelegatingMethodAccessorImpl.invoke(DelegatingMethodAccessorImpl.java:43)\n\tat java.base/java.lang.reflect.Method.invoke(Method.java:566)\n\tat org.gradle.internal.dispatch.ReflectionDispatch.dispatch(ReflectionDispatch.java:36)\n\tat org.gradle.internal.dispatch.ReflectionDispatch.dispatch(ReflectionDispatch.java:24)\n\tat org.gradle.internal.dispatch.ContextClassLoaderDispatch.dispatch(ContextClassLoaderDispatch.java:33)\n\tat org.gradle.internal.dispatch.ProxyDispatchAdapter$DispatchingInvocationHandler.invoke(ProxyDispatchAdapter.java:94)\n\tat com.sun.proxy.$Proxy2.stop(Unknown Source)\n\tat org.gradle.api.internal.tasks.testing.worker.TestWorker$3.run(TestWorker.java:193)\n\tat org.gradle.api.internal.tasks.testing.worker.TestWorker.executeAndMaintainThreadName(TestWorker.java:129)\n\tat org.gradle.api.internal.tasks.testing.worker.TestWorker.execute(TestWorker.java:100)\n\tat org.gradle.api.internal.tasks.testing.worker.TestWorker.execute(TestWorker.java:60)\n\tat org.gradle.process.internal.worker.child.ActionExecutionWorker.execute(ActionExecutionWorker.java:56)\n\tat org.gradle.process.internal.worker.child.SystemApplicationClassLoaderWorker.call(SystemApplicationClassLoaderWorker.java:133)\n\tat org.gradle.process.internal.worker.child.SystemApplicationClassLoaderWorker.call(SystemApplicationClassLoaderWorker.java:71)\n\tat worker.org.gradle.process.internal.worker.GradleWorkerMain.run(GradleWorkerMain.java:69)\n\tat worker.org.gradle.process.internal.worker.GradleWorkerMain.main(GradleWorkerMain.java:74)\nCaused by: org.openqa.selenium.ElementClickInterceptedException: element click intercepted: Element <div class=\" css-2b097c-container\" id=\"state\">...</div> is not clickable at point (616, 602). Other element would receive the click: <iframe frameborder=\"0\" src=\"https://43f35d8b75f81f7491e869baa00c9c7c.safeframe.googlesyndication.com/safeframe/1-0-40/html/container.html\" id=\"google_ads_iframe_/21849154601,22343295815/Ad.Plus-Anchor_0\" title=\"3rd party ad content\" name=\"\" scrolling=\"no\" marginwidth=\"0\" marginheight=\"0\" width=\"728\" height=\"90\" data-is-safeframe=\"true\" sandbox=\"allow-forms allow-popups allow-popups-to-escape-sandbox allow-same-origin allow-scripts allow-top-navigation-by-user-activation\" role=\"region\" aria-label=\"Advertisement\" tabindex=\"0\" data-google-container-id=\"1\" style=\"border: 0px; vertical-align: bottom;\" data-load-complete=\"true\"></iframe>\n  (Session info: chrome=118.0.5993.117)\nBuild info: version: '4.13.0', revision: 'ba948ece5b*'\nSystem info: os.name: 'Linux', os.arch: 'amd64', os.version: '6.2.0-1015-azure', java.version: '11.0.21'\nDriver info: org.openqa.selenium.remote.RemoteWebDriver\nCommand: [a4f92f2409ad892adf857fb168dc41d2, clickElement {id=D1B90C50A3ADE817D7BE6CA75F998C41_element_192}]\nCapabilities {acceptInsecureCerts: true, browserName: chrome, browserVersion: 118.0.5993.117, chrome: {chromedriverVersion: 118.0.5993.70 (e52f33f30b91..., userDataDir: /tmp/.org.chromium.Chromium...}, fedcm:accounts: true, goog:chromeOptions: {debuggerAddress: localhost:41269}, networkConnectionEnabled: false, pageLoadStrategy: normal, platformName: linux, proxy: Proxy(), se:cdp: ws://localhost:4444/devtool..., setWindowRect: true, strictFileInteractability: false, timeouts: {implicit: 0, pageLoad: 300000, script: 30000}, unhandledPromptBehavior: accept, webauthn:extension:credBlob: true, webauthn:extension:largeBlob: true, webauthn:extension:minPinLength: true, webauthn:extension:prf: true, webauthn:virtualAuthenticators: true}\nElement: [[RemoteWebDriver: chrome on linux (a4f92f2409ad892adf857fb168dc41d2)] -> css selector: #state]\nSession ID: a4f92f2409ad892adf857fb168dc41d2\n\tat java.base/jdk.internal.reflect.NativeConstructorAccessorImpl.newInstance0(Native Method)\n\tat java.base/jdk.internal.reflect.NativeConstructorAccessorImpl.newInstance(NativeConstructorAccessorImpl.java:62)\n\tat java.base/jdk.internal.reflect.DelegatingConstructorAccessorImpl.newInstance(DelegatingConstructorAccessorImpl.java:45)\n\tat java.base/java.lang.reflect.Constructor.newInstance(Constructor.java:490)\n\tat org.openqa.selenium.remote.codec.w3c.W3CHttpResponseCodec.createException(W3CHttpResponseCodec.java:200)\n\tat org.openqa.selenium.remote.codec.w3c.W3CHttpResponseCodec.decode(W3CHttpResponseCodec.java:133)\n\tat org.openqa.selenium.remote.codec.w3c.W3CHttpResponseCodec.decode(W3CHttpResponseCodec.java:52)\n\tat org.openqa.selenium.remote.HttpCommandExecutor.execute(HttpCommandExecutor.java:191)\n\tat org.openqa.selenium.remote.RemoteWebDriver.execute(RemoteWebDriver.java:602)\n\tat org.openqa.selenium.remote.RemoteWebElement.execute(RemoteWebElement.java:224)\n\tat org.openqa.selenium.remote.RemoteWebElement.click(RemoteWebElement.java:77)\n\tat com.codeborne.selenide.commands.Click.defaultClick(Click.java:97)\n\tat com.codeborne.selenide.commands.Click.click(Click.java:54)\n\tat com.codeborne.selenide.commands.Click.execute(Click.java:31)\n\tat com.codeborne.selenide.commands.Click.execute(Click.java:21)\n\tat com.codeborne.selenide.commands.Commands.execute(Commands.java:165)\n\tat com.codeborne.selenide.impl.SelenideElementProxy.dispatchAndRetry(SelenideElementProxy.java:132)\n\t... 92 more\n","flaky":true,"newFailed":false,"newBroken":false,"newPassed":false,"retriesCount":0,"retriesStatusChange":false,"beforeStages":[],"testStage":{"description":"","status":"failed","statusMessage":"Invalid element state [#state]: element click intercepted: Element <div class=\" css-2b097c-container\" id=\"state\">...</div> is not clickable at point (616, 602). Other element would receive the click: <iframe frameborder=\"0\" src=\"https://43f35d8b75f81f7491e869baa00c9c7c.safeframe.googlesyndication.com/safeframe/1-0-40/html/container.html\" id=\"google_ads_iframe_/21849154601,22343295815/Ad.Plus-Anchor_0\" title=\"3rd party ad content\" name=\"\" scrolling=\"no\" marginwidth=\"0\" marginheight=\"0\" width=\"728\" height=\"90\" data-is-safeframe=\"true\" sandbox=\"allow-forms allow-popups allow-popups-to-escape-sandbox allow-same-origin allow-scripts allow-top-navigation-by-user-activation\" role=\"region\" aria-label=\"Advertisement\" tabindex=\"0\" data-google-container-id=\"1\" style=\"border: 0px; vertical-align: bottom;\" data-load-complete=\"true\"></iframe>\nScreenshot: file:/home/runner/work/QA/QA/build/reports/tests/1699204514299.0.png\nPage source: file:/home/runner/work/QA/QA/build/reports/tests/1699204514299.0.html\nTimeout: 4 s.\nCaused by: ElementClickInterceptedException: element click intercepted: Element <div class=\" css-2b097c-container\" id=\"state\">...</div> is not clickable at point (616, 602). Other element would receive the click: <iframe frameborder=\"0\" src=\"https://43f35d8b75f81f7491e869baa00c9c7c.safeframe.googlesyndication.com/safeframe/1-0-40/html/container.html\" id=\"google_ads_iframe_/21849154601,22343295815/Ad.Plus-Anchor_0\" title=\"3rd party ad content\" name=\"\" scrolling=\"no\" marginwidth=\"0\" marginheight=\"0\" width=\"728\" height=\"90\" data-is-safeframe=\"true\" sandbox=\"allow-forms allow-popups allow-popups-to-escape-sandbox allow-same-origin allow-scripts allow-top-navigation-by-user-activation\" role=\"region\" aria-label=\"Advertisement\" tabindex=\"0\" data-google-container-id=\"1\" style=\"border: 0px; vertical-align: bottom;\" data-load-complete=\"true\"></iframe>","statusTrace":"Invalid element state [#state]: element click intercepted: Element <div class=\" css-2b097c-container\" id=\"state\">...</div> is not clickable at point (616, 602). Other element would receive the click: <iframe frameborder=\"0\" src=\"https://43f35d8b75f81f7491e869baa00c9c7c.safeframe.googlesyndication.com/safeframe/1-0-40/html/container.html\" id=\"google_ads_iframe_/21849154601,22343295815/Ad.Plus-Anchor_0\" title=\"3rd party ad content\" name=\"\" scrolling=\"no\" marginwidth=\"0\" marginheight=\"0\" width=\"728\" height=\"90\" data-is-safeframe=\"true\" sandbox=\"allow-forms allow-popups allow-popups-to-escape-sandbox allow-same-origin allow-scripts allow-top-navigation-by-user-activation\" role=\"region\" aria-label=\"Advertisement\" tabindex=\"0\" data-google-container-id=\"1\" style=\"border: 0px; vertical-align: bottom;\" data-load-complete=\"true\"></iframe>\nScreenshot: file:/home/runner/work/QA/QA/build/reports/tests/1699204514299.0.png\nPage source: file:/home/runner/work/QA/QA/build/reports/tests/1699204514299.0.html\nTimeout: 4 s.\nCaused by: ElementClickInterceptedException: element click intercepted: Element <div class=\" css-2b097c-container\" id=\"state\">...</div> is not clickable at point (616, 602). Other element would receive the click: <iframe frameborder=\"0\" src=\"https://43f35d8b75f81f7491e869baa00c9c7c.safeframe.googlesyndication.com/safeframe/1-0-40/html/container.html\" id=\"google_ads_iframe_/21849154601,22343295815/Ad.Plus-Anchor_0\" title=\"3rd party ad content\" name=\"\" scrolling=\"no\" marginwidth=\"0\" marginheight=\"0\" width=\"728\" height=\"90\" data-is-safeframe=\"true\" sandbox=\"allow-forms allow-popups allow-popups-to-escape-sandbox allow-same-origin allow-scripts allow-top-navigation-by-user-activation\" role=\"region\" aria-label=\"Advertisement\" tabindex=\"0\" data-google-container-id=\"1\" style=\"border: 0px; vertical-align: bottom;\" data-load-complete=\"true\"></iframe>\n\tat com.codeborne.selenide.impl.ExceptionWrapper.wrap(ExceptionWrapper.java:26)\n\tat com.codeborne.selenide.impl.SelenideElementProxy.dispatchAndRetry(SelenideElementProxy.java:154)\n\tat com.codeborne.selenide.impl.SelenideElementProxy.invoke(SelenideElementProxy.java:84)\n\tat com.sun.proxy.$Proxy24.click(Unknown Source)\n\tat testFormQa.testFormDr.testForm3Faker(testFormDr.java:71)\n\tat java.base/jdk.internal.reflect.NativeMethodAccessorImpl.invoke0(Native Method)\n\tat java.base/jdk.internal.reflect.NativeMethodAccessorImpl.invoke(NativeMethodAccessorImpl.java:62)\n\tat java.base/jdk.internal.reflect.DelegatingMethodAccessorImpl.invoke(DelegatingMethodAccessorImpl.java:43)\n\tat java.base/java.lang.reflect.Method.invoke(Method.java:566)\n\tat org.junit.platform.commons.util.ReflectionUtils.invokeMethod(ReflectionUtils.java:725)\n\tat org.junit.jupiter.engine.execution.MethodInvocation.proceed(MethodInvocation.java:60)\n\tat org.junit.jupiter.engine.execution.InvocationInterceptorChain$ValidatingInvocation.proceed(InvocationInterceptorChain.java:131)\n\tat org.junit.jupiter.api.extension.InvocationInterceptor.interceptTestMethod(InvocationInterceptor.java:118)\n\tat org.junit.jupiter.engine.execution.ExecutableInvoker$ReflectiveInterceptorCall.lambda$ofVoidMethod$0(ExecutableInvoker.java:115)\n\tat org.junit.jupiter.engine.execution.ExecutableInvoker.lambda$invoke$0(ExecutableInvoker.java:105)\n\tat org.junit.jupiter.engine.execution.InvocationInterceptorChain$InterceptedInvocation.proceed(InvocationInterceptorChain.java:106)\n\tat org.junit.jupiter.engine.extension.TimeoutExtension.intercept(TimeoutExtension.java:149)\n\tat org.junit.jupiter.engine.extension.TimeoutExtension.interceptTestableMethod(TimeoutExtension.java:140)\n\tat org.junit.jupiter.engine.extension.TimeoutExtension.interceptTestMethod(TimeoutExtension.java:84)\n\tat org.junit.jupiter.engine.execution.ExecutableInvoker$ReflectiveInterceptorCall.lambda$ofVoidMethod$0(ExecutableInvoker.java:115)\n\tat org.junit.jupiter.engine.execution.ExecutableInvoker.lambda$invoke$0(ExecutableInvoker.java:105)\n\tat org.junit.jupiter.engine.execution.InvocationInterceptorChain$InterceptedInvocation.proceed(InvocationInterceptorChain.java:106)\n\tat org.junit.jupiter.engine.execution.InvocationInterceptorChain.proceed(InvocationInterceptorChain.java:64)\n\tat org.junit.jupiter.engine.execution.InvocationInterceptorChain.chainAndInvoke(InvocationInterceptorChain.java:45)\n\tat org.junit.jupiter.engine.execution.InvocationInterceptorChain.invoke(InvocationInterceptorChain.java:37)\n\tat org.junit.jupiter.engine.execution.ExecutableInvoker.invoke(ExecutableInvoker.java:104)\n\tat org.junit.jupiter.engine.execution.ExecutableInvoker.invoke(ExecutableInvoker.java:98)\n\tat org.junit.jupiter.engine.descriptor.TestMethodTestDescriptor.lambda$invokeTestMethod$7(TestMethodTestDescriptor.java:214)\n\tat org.junit.platform.engine.support.hierarchical.ThrowableCollector.execute(ThrowableCollector.java:73)\n\tat org.junit.jupiter.engine.descriptor.TestMethodTestDescriptor.invokeTestMethod(TestMethodTestDescriptor.java:210)\n\tat org.junit.jupiter.engine.descriptor.TestMethodTestDescriptor.execute(TestMethodTestDescriptor.java:135)\n\tat org.junit.jupiter.engine.descriptor.TestMethodTestDescriptor.execute(TestMethodTestDescriptor.java:66)\n\tat org.junit.platform.engine.support.hierarchical.NodeTestTask.lambda$executeRecursively$6(NodeTestTask.java:151)\n\tat org.junit.platform.engine.support.hierarchical.ThrowableCollector.execute(ThrowableCollector.java:73)\n\tat org.junit.platform.engine.support.hierarchical.NodeTestTask.lambda$executeRecursively$8(NodeTestTask.java:141)\n\tat org.junit.platform.engine.support.hierarchical.Node.around(Node.java:137)\n\tat org.junit.platform.engine.support.hierarchical.NodeTestTask.lambda$executeRecursively$9(NodeTestTask.java:139)\n\tat org.junit.platform.engine.support.hierarchical.ThrowableCollector.execute(ThrowableCollector.java:73)\n\tat org.junit.platform.engine.support.hierarchical.NodeTestTask.executeRecursively(NodeTestTask.java:138)\n\tat org.junit.platform.engine.support.hierarchical.NodeTestTask.execute(NodeTestTask.java:95)\n\tat java.base/java.util.ArrayList.forEach(ArrayList.java:1541)\n\tat org.junit.platform.engine.support.hierarchical.SameThreadHierarchicalTestExecutorService.invokeAll(SameThreadHierarchicalTestExecutorService.java:41)\n\tat org.junit.platform.engine.support.hierarchical.NodeTestTask.lambda$executeRecursively$6(NodeTestTask.java:155)\n\tat org.junit.platform.engine.support.hierarchical.ThrowableCollector.execute(ThrowableCollector.java:73)\n\tat org.junit.platform.engine.support.hierarchical.NodeTestTask.lambda$executeRecursively$8(NodeTestTask.java:141)\n\tat org.junit.platform.engine.support.hierarchical.Node.around(Node.java:137)\n\tat org.junit.platform.engine.support.hierarchical.NodeTestTask.lambda$executeRecursively$9(NodeTestTask.java:139)\n\tat org.junit.platform.engine.support.hierarchical.ThrowableCollector.execute(ThrowableCollector.java:73)\n\tat org.junit.platform.engine.support.hierarchical.NodeTestTask.executeRecursively(NodeTestTask.java:138)\n\tat org.junit.platform.engine.support.hierarchical.NodeTestTask.execute(NodeTestTask.java:95)\n\tat java.base/java.util.ArrayList.forEach(ArrayList.java:1541)\n\tat org.junit.platform.engine.support.hierarchical.SameThreadHierarchicalTestExecutorService.invokeAll(SameThreadHierarchicalTestExecutorService.java:41)\n\tat org.junit.platform.engine.support.hierarchical.NodeTestTask.lambda$executeRecursively$6(NodeTestTask.java:155)\n\tat org.junit.platform.engine.support.hierarchical.ThrowableCollector.execute(ThrowableCollector.java:73)\n\tat org.junit.platform.engine.support.hierarchical.NodeTestTask.lambda$executeRecursively$8(NodeTestTask.java:141)\n\tat org.junit.platform.engine.support.hierarchical.Node.around(Node.java:137)\n\tat org.junit.platform.engine.support.hierarchical.NodeTestTask.lambda$executeRecursively$9(NodeTestTask.java:139)\n\tat org.junit.platform.engine.support.hierarchical.ThrowableCollector.execute(ThrowableCollector.java:73)\n\tat org.junit.platform.engine.support.hierarchical.NodeTestTask.executeRecursively(NodeTestTask.java:138)\n\tat org.junit.platform.engine.support.hierarchical.NodeTestTask.execute(NodeTestTask.java:95)\n\tat org.junit.platform.engine.support.hierarchical.SameThreadHierarchicalTestExecutorService.submit(SameThreadHierarchicalTestExecutorService.java:35)\n\tat org.junit.platform.engine.support.hierarchical.HierarchicalTestExecutor.execute(HierarchicalTestExecutor.java:57)\n\tat org.junit.platform.engine.support.hierarchical.HierarchicalTestEngine.execute(HierarchicalTestEngine.java:54)\n\tat org.junit.platform.launcher.core.EngineExecutionOrchestrator.execute(EngineExecutionOrchestrator.java:107)\n\tat org.junit.platform.launcher.core.EngineExecutionOrchestrator.execute(EngineExecutionOrchestrator.java:88)\n\tat org.junit.platform.launcher.core.EngineExecutionOrchestrator.lambda$execute$0(EngineExecutionOrchestrator.java:54)\n\tat org.junit.platform.launcher.core.EngineExecutionOrchestrator.withInterceptedStreams(EngineExecutionOrchestrator.java:67)\n\tat org.junit.platform.launcher.core.EngineExecutionOrchestrator.execute(EngineExecutionOrchestrator.java:52)\n\tat org.junit.platform.launcher.core.DefaultLauncher.execute(DefaultLauncher.java:114)\n\tat org.junit.platform.launcher.core.DefaultLauncher.execute(DefaultLauncher.java:86)\n\tat org.junit.platform.launcher.core.DefaultLauncherSession$DelegatingLauncher.execute(DefaultLauncherSession.java:86)\n\tat org.junit.platform.launcher.core.SessionPerRequestLauncher.execute(SessionPerRequestLauncher.java:53)\n\tat org.gradle.api.internal.tasks.testing.junitplatform.JUnitPlatformTestClassProcessor$CollectAllTestClassesExecutor.processAllTestClasses(JUnitPlatformTestClassProcessor.java:99)\n\tat org.gradle.api.internal.tasks.testing.junitplatform.JUnitPlatformTestClassProcessor$CollectAllTestClassesExecutor.access$000(JUnitPlatformTestClassProcessor.java:79)\n\tat org.gradle.api.internal.tasks.testing.junitplatform.JUnitPlatformTestClassProcessor.stop(JUnitPlatformTestClassProcessor.java:75)\n\tat org.gradle.api.internal.tasks.testing.SuiteTestClassProcessor.stop(SuiteTestClassProcessor.java:61)\n\tat java.base/jdk.internal.reflect.NativeMethodAccessorImpl.invoke0(Native Method)\n\tat java.base/jdk.internal.reflect.NativeMethodAccessorImpl.invoke(NativeMethodAccessorImpl.java:62)\n\tat java.base/jdk.internal.reflect.DelegatingMethodAccessorImpl.invoke(DelegatingMethodAccessorImpl.java:43)\n\tat java.base/java.lang.reflect.Method.invoke(Method.java:566)\n\tat org.gradle.internal.dispatch.ReflectionDispatch.dispatch(ReflectionDispatch.java:36)\n\tat org.gradle.internal.dispatch.ReflectionDispatch.dispatch(ReflectionDispatch.java:24)\n\tat org.gradle.internal.dispatch.ContextClassLoaderDispatch.dispatch(ContextClassLoaderDispatch.java:33)\n\tat org.gradle.internal.dispatch.ProxyDispatchAdapter$DispatchingInvocationHandler.invoke(ProxyDispatchAdapter.java:94)\n\tat com.sun.proxy.$Proxy2.stop(Unknown Source)\n\tat org.gradle.api.internal.tasks.testing.worker.TestWorker$3.run(TestWorker.java:193)\n\tat org.gradle.api.internal.tasks.testing.worker.TestWorker.executeAndMaintainThreadName(TestWorker.java:129)\n\tat org.gradle.api.internal.tasks.testing.worker.TestWorker.execute(TestWorker.java:100)\n\tat org.gradle.api.internal.tasks.testing.worker.TestWorker.execute(TestWorker.java:60)\n\tat org.gradle.process.internal.worker.child.ActionExecutionWorker.execute(ActionExecutionWorker.java:56)\n\tat org.gradle.process.internal.worker.child.SystemApplicationClassLoaderWorker.call(SystemApplicationClassLoaderWorker.java:133)\n\tat org.gradle.process.internal.worker.child.SystemApplicationClassLoaderWorker.call(SystemApplicationClassLoaderWorker.java:71)\n\tat worker.org.gradle.process.internal.worker.GradleWorkerMain.run(GradleWorkerMain.java:69)\n\tat worker.org.gradle.process.internal.worker.GradleWorkerMain.main(GradleWorkerMain.java:74)\nCaused by: org.openqa.selenium.ElementClickInterceptedException: element click intercepted: Element <div class=\" css-2b097c-container\" id=\"state\">...</div> is not clickable at point (616, 602). Other element would receive the click: <iframe frameborder=\"0\" src=\"https://43f35d8b75f81f7491e869baa00c9c7c.safeframe.googlesyndication.com/safeframe/1-0-40/html/container.html\" id=\"google_ads_iframe_/21849154601,22343295815/Ad.Plus-Anchor_0\" title=\"3rd party ad content\" name=\"\" scrolling=\"no\" marginwidth=\"0\" marginheight=\"0\" width=\"728\" height=\"90\" data-is-safeframe=\"true\" sandbox=\"allow-forms allow-popups allow-popups-to-escape-sandbox allow-same-origin allow-scripts allow-top-navigation-by-user-activation\" role=\"region\" aria-label=\"Advertisement\" tabindex=\"0\" data-google-container-id=\"1\" style=\"border: 0px; vertical-align: bottom;\" data-load-complete=\"true\"></iframe>\n  (Session info: chrome=118.0.5993.117)\nBuild info: version: '4.13.0', revision: 'ba948ece5b*'\nSystem info: os.name: 'Linux', os.arch: 'amd64', os.version: '6.2.0-1015-azure', java.version: '11.0.21'\nDriver info: org.openqa.selenium.remote.RemoteWebDriver\nCommand: [a4f92f2409ad892adf857fb168dc41d2, clickElement {id=D1B90C50A3ADE817D7BE6CA75F998C41_element_192}]\nCapabilities {acceptInsecureCerts: true, browserName: chrome, browserVersion: 118.0.5993.117, chrome: {chromedriverVersion: 118.0.5993.70 (e52f33f30b91..., userDataDir: /tmp/.org.chromium.Chromium...}, fedcm:accounts: true, goog:chromeOptions: {debuggerAddress: localhost:41269}, networkConnectionEnabled: false, pageLoadStrategy: normal, platformName: linux, proxy: Proxy(), se:cdp: ws://localhost:4444/devtool..., setWindowRect: true, strictFileInteractability: false, timeouts: {implicit: 0, pageLoad: 300000, script: 30000}, unhandledPromptBehavior: accept, webauthn:extension:credBlob: true, webauthn:extension:largeBlob: true, webauthn:extension:minPinLength: true, webauthn:extension:prf: true, webauthn:virtualAuthenticators: true}\nElement: [[RemoteWebDriver: chrome on linux (a4f92f2409ad892adf857fb168dc41d2)] -> css selector: #state]\nSession ID: a4f92f2409ad892adf857fb168dc41d2\n\tat java.base/jdk.internal.reflect.NativeConstructorAccessorImpl.newInstance0(Native Method)\n\tat java.base/jdk.internal.reflect.NativeConstructorAccessorImpl.newInstance(NativeConstructorAccessorImpl.java:62)\n\tat java.base/jdk.internal.reflect.DelegatingConstructorAccessorImpl.newInstance(DelegatingConstructorAccessorImpl.java:45)\n\tat java.base/java.lang.reflect.Constructor.newInstance(Constructor.java:490)\n\tat org.openqa.selenium.remote.codec.w3c.W3CHttpResponseCodec.createException(W3CHttpResponseCodec.java:200)\n\tat org.openqa.selenium.remote.codec.w3c.W3CHttpResponseCodec.decode(W3CHttpResponseCodec.java:133)\n\tat org.openqa.selenium.remote.codec.w3c.W3CHttpResponseCodec.decode(W3CHttpResponseCodec.java:52)\n\tat org.openqa.selenium.remote.HttpCommandExecutor.execute(HttpCommandExecutor.java:191)\n\tat org.openqa.selenium.remote.RemoteWebDriver.execute(RemoteWebDriver.java:602)\n\tat org.openqa.selenium.remote.RemoteWebElement.execute(RemoteWebElement.java:224)\n\tat org.openqa.selenium.remote.RemoteWebElement.click(RemoteWebElement.java:77)\n\tat com.codeborne.selenide.commands.Click.defaultClick(Click.java:97)\n\tat com.codeborne.selenide.commands.Click.click(Click.java:54)\n\tat com.codeborne.selenide.commands.Click.execute(Click.java:31)\n\tat com.codeborne.selenide.commands.Click.execute(Click.java:21)\n\tat com.codeborne.selenide.commands.Commands.execute(Commands.java:165)\n\tat com.codeborne.selenide.impl.SelenideElementProxy.dispatchAndRetry(SelenideElementProxy.java:132)\n\t... 92 more\n","steps":[{"name":"$(\"open\") https://demoqa.com/automation-practice-form","time":{"start":1699204507090,"stop":1699204507691,"duration":601},"status":"passed","steps":[],"attachments":[],"parameters":[],"shouldDisplayMessage":false,"stepsCount":0,"attachmentsCount":0,"hasContent":false},{"name":"$(\"#firstName\") set value(Mitzi)","time":{"start":1699204507802,"stop":1699204508178,"duration":376},"status":"passed","steps":[],"attachments":[],"parameters":[],"shouldDisplayMessage":false,"stepsCount":0,"attachmentsCount":0,"hasContent":false},{"name":"$(\"#lastName\") set value(Rohan)","time":{"start":1699204508178,"stop":1699204508340,"duration":162},"status":"passed","steps":[],"attachments":[],"parameters":[],"shouldDisplayMessage":false,"stepsCount":0,"attachmentsCount":0,"hasContent":false},{"name":"$(\"#userEmail\") set value(dirk.klocko@hotmail.com)","time":{"start":1699204508340,"stop":1699204508452,"duration":112},"status":"passed","steps":[],"attachments":[],"parameters":[],"shouldDisplayMessage":false,"stepsCount":0,"attachmentsCount":0,"hasContent":false},{"name":"$(\"#gender-radio-2/By.xpath: ..\") click()","time":{"start":1699204508452,"stop":1699204508541,"duration":89},"status":"passed","steps":[],"attachments":[],"parameters":[],"shouldDisplayMessage":false,"stepsCount":0,"attachmentsCount":0,"hasContent":false},{"name":"$(\"#userNumber\") set value(7101812789)","time":{"start":1699204508541,"stop":1699204508640,"duration":99},"status":"passed","steps":[],"attachments":[],"parameters":[],"shouldDisplayMessage":false,"stepsCount":0,"attachmentsCount":0,"hasContent":false},{"name":"$(\"#dateOfBirthInput\") click()","time":{"start":1699204508641,"stop":1699204508747,"duration":106},"status":"passed","steps":[],"attachments":[],"parameters":[],"shouldDisplayMessage":false,"stepsCount":0,"attachmentsCount":0,"hasContent":false},{"name":"$(\".react-datepicker__month-select\") select option(September)","time":{"start":1699204508747,"stop":1699204508778,"duration":31},"status":"passed","steps":[],"attachments":[],"parameters":[],"shouldDisplayMessage":false,"stepsCount":0,"attachmentsCount":0,"hasContent":false},{"name":"$(\".react-datepicker__year-select\") select option(1993)","time":{"start":1699204508778,"stop":1699204508803,"duration":25},"status":"passed","steps":[],"attachments":[],"parameters":[],"shouldDisplayMessage":false,"stepsCount":0,"attachmentsCount":0,"hasContent":false},{"name":"$(\"By.xpath: //div[contains(@class, 'react-datepicker__day--006')][not(contains(@class, 'react-datepicker__day--outside-month'))]\") click()","time":{"start":1699204508807,"stop":1699204508872,"duration":65},"status":"passed","steps":[],"attachments":[],"parameters":[],"shouldDisplayMessage":false,"stepsCount":0,"attachmentsCount":0,"hasContent":false},{"name":"$(\"#subjectsContainer\") click()","time":{"start":1699204508872,"stop":1699204508932,"duration":60},"status":"passed","steps":[],"attachments":[],"parameters":[],"shouldDisplayMessage":false,"stepsCount":0,"attachmentsCount":0,"hasContent":false},{"name":"$(\"#subjectsInput\") set value(English)","time":{"start":1699204508932,"stop":1699204509032,"duration":100},"status":"passed","steps":[],"attachments":[],"parameters":[],"shouldDisplayMessage":false,"stepsCount":0,"attachmentsCount":0,"hasContent":false},{"name":"$(\"#subjectsInput\") press enter()","time":{"start":1699204509033,"stop":1699204509094,"duration":61},"status":"passed","steps":[],"attachments":[],"parameters":[],"shouldDisplayMessage":false,"stepsCount":0,"attachmentsCount":0,"hasContent":false},{"name":"$(\".subjects-auto-complete__multi-value\") should have([text \"English\", visible])","time":{"start":1699204509097,"stop":1699204509148,"duration":51},"status":"passed","steps":[],"attachments":[],"parameters":[],"shouldDisplayMessage":false,"stepsCount":0,"attachmentsCount":0,"hasContent":false},{"name":"$(\"By.xpath: //label[@for='hobbies-checkbox-2']/parent::div\") click()","time":{"start":1699204509148,"stop":1699204509210,"duration":62},"status":"passed","steps":[],"attachments":[],"parameters":[],"shouldDisplayMessage":false,"stepsCount":0,"attachmentsCount":0,"hasContent":false},{"name":"$(\"#uploadPicture\") scroll to()","time":{"start":1699204509210,"stop":1699204509233,"duration":23},"status":"passed","steps":[],"attachments":[],"parameters":[],"shouldDisplayMessage":false,"stepsCount":0,"attachmentsCount":0,"hasContent":false},{"name":"$(\"#uploadPicture\") upload from classpath(fileupload/screenshot.jpg)","time":{"start":1699204509233,"stop":1699204509272,"duration":39},"status":"passed","steps":[],"attachments":[],"parameters":[],"shouldDisplayMessage":false,"stepsCount":0,"attachmentsCount":0,"hasContent":false},{"name":"$(\"#currentAddress\") scroll to()","time":{"start":1699204509272,"stop":1699204509295,"duration":23},"status":"passed","steps":[],"attachments":[],"parameters":[],"shouldDisplayMessage":false,"stepsCount":0,"attachmentsCount":0,"hasContent":false},{"name":"$(\"#currentAddress\") set value(Address one)","time":{"start":1699204509295,"stop":1699204509379,"duration":84},"status":"passed","steps":[],"attachments":[],"parameters":[],"shouldDisplayMessage":false,"stepsCount":0,"attachmentsCount":0,"hasContent":false},{"name":"$(\"#state\") click()","time":{"start":1699204509379,"stop":1699204514609,"duration":5230},"status":"failed","statusMessage":"Invalid element state [#state]: element click intercepted: Element <div class=\" css-2b097c-container\" id=\"state\">...</div> is not clickable at point (616, 602). Other element would receive the click: <iframe frameborder=\"0\" src=\"https://43f35d8b75f81f7491e869baa00c9c7c.safeframe.googlesyndication.com/safeframe/1-0-40/html/container.html\" id=\"google_ads_iframe_/21849154601,22343295815/Ad.Plus-Anchor_0\" title=\"3rd party ad content\" name=\"\" scrolling=\"no\" marginwidth=\"0\" marginheight=\"0\" width=\"728\" height=\"90\" data-is-safeframe=\"true\" sandbox=\"allow-forms allow-popups allow-popups-to-escape-sandbox allow-same-origin allow-scripts allow-top-navigation-by-user-activation\" role=\"region\" aria-label=\"Advertisement\" tabindex=\"0\" data-google-container-id=\"1\" style=\"border: 0px; vertical-align: bottom;\" data-load-complete=\"true\"></iframe>\nScreenshot: file:/home/runner/work/QA/QA/build/reports/tests/1699204514299.0.png\nPage source: file:/home/runner/work/QA/QA/build/reports/tests/1699204514299.0.html\nTimeout: 4 s.\nCaused by: ElementClickInterceptedException: element click intercepted: Element <div class=\" css-2b097c-container\" id=\"state\">...</div> is not clickable at point (616, 602). Other element would receive the click: <iframe frameborder=\"0\" src=\"https://43f35d8b75f81f7491e869baa00c9c7c.safeframe.googlesyndication.com/safeframe/1-0-40/html/container.html\" id=\"google_ads_iframe_/21849154601,22343295815/Ad.Plus-Anchor_0\" title=\"3rd party ad content\" name=\"\" scrolling=\"no\" marginwidth=\"0\" marginheight=\"0\" width=\"728\" height=\"90\" data-is-safeframe=\"true\" sandbox=\"allow-forms allow-popups allow-popups-to-escape-sandbox allow-same-origin allow-scripts allow-top-navigation-by-user-activation\" role=\"region\" aria-label=\"Advertisement\" tabindex=\"0\" data-google-container-id=\"1\" style=\"border: 0px; vertical-align: bottom;\" data-load-complete=\"true\"></iframe>","statusTrace":"Invalid element state [#state]: element click intercepted: Element <div class=\" css-2b097c-container\" id=\"state\">...</div> is not clickable at point (616, 602). Other element would receive the click: <iframe frameborder=\"0\" src=\"https://43f35d8b75f81f7491e869baa00c9c7c.safeframe.googlesyndication.com/safeframe/1-0-40/html/container.html\" id=\"google_ads_iframe_/21849154601,22343295815/Ad.Plus-Anchor_0\" title=\"3rd party ad content\" name=\"\" scrolling=\"no\" marginwidth=\"0\" marginheight=\"0\" width=\"728\" height=\"90\" data-is-safeframe=\"true\" sandbox=\"allow-forms allow-popups allow-popups-to-escape-sandbox allow-same-origin allow-scripts allow-top-navigation-by-user-activation\" role=\"region\" aria-label=\"Advertisement\" tabindex=\"0\" data-google-container-id=\"1\" style=\"border: 0px; vertical-align: bottom;\" data-load-complete=\"true\"></iframe>\nScreenshot: file:/home/runner/work/QA/QA/build/reports/tests/1699204514299.0.png\nPage source: file:/home/runner/work/QA/QA/build/reports/tests/1699204514299.0.html\nTimeout: 4 s.\nCaused by: ElementClickInterceptedException: element click intercepted: Element <div class=\" css-2b097c-container\" id=\"state\">...</div> is not clickable at point (616, 602). Other element would receive the click: <iframe frameborder=\"0\" src=\"https://43f35d8b75f81f7491e869baa00c9c7c.safeframe.googlesyndication.com/safeframe/1-0-40/html/container.html\" id=\"google_ads_iframe_/21849154601,22343295815/Ad.Plus-Anchor_0\" title=\"3rd party ad content\" name=\"\" scrolling=\"no\" marginwidth=\"0\" marginheight=\"0\" width=\"728\" height=\"90\" data-is-safeframe=\"true\" sandbox=\"allow-forms allow-popups allow-popups-to-escape-sandbox allow-same-origin allow-scripts allow-top-navigation-by-user-activation\" role=\"region\" aria-label=\"Advertisement\" tabindex=\"0\" data-google-container-id=\"1\" style=\"border: 0px; vertical-align: bottom;\" data-load-complete=\"true\"></iframe>\n\tat com.codeborne.selenide.impl.ExceptionWrapper.wrap(ExceptionWrapper.java:26)\n\tat com.codeborne.selenide.impl.SelenideElementProxy.dispatchAndRetry(SelenideElementProxy.java:154)\n\tat com.codeborne.selenide.impl.SelenideElementProxy.invoke(SelenideElementProxy.java:84)\n\tat com.sun.proxy.$Proxy24.click(Unknown Source)\n\tat testFormQa.testFormDr.testForm3Faker(testFormDr.java:71)\n\tat java.base/jdk.internal.reflect.NativeMethodAccessorImpl.invoke0(Native Method)\n\tat java.base/jdk.internal.reflect.NativeMethodAccessorImpl.invoke(NativeMethodAccessorImpl.java:62)\n\tat java.base/jdk.internal.reflect.DelegatingMethodAccessorImpl.invoke(DelegatingMethodAccessorImpl.java:43)\n\tat java.base/java.lang.reflect.Method.invoke(Method.java:566)\n\tat org.junit.platform.commons.util.ReflectionUtils.invokeMethod(ReflectionUtils.java:725)\n\tat org.junit.jupiter.engine.execution.MethodInvocation.proceed(MethodInvocation.java:60)\n\tat org.junit.jupiter.engine.execution.InvocationInterceptorChain$ValidatingInvocation.proceed(InvocationInterceptorChain.java:131)\n\tat org.junit.jupiter.api.extension.InvocationInterceptor.interceptTestMethod(InvocationInterceptor.java:118)\n\tat org.junit.jupiter.engine.execution.ExecutableInvoker$ReflectiveInterceptorCall.lambda$ofVoidMethod$0(ExecutableInvoker.java:115)\n\tat org.junit.jupiter.engine.execution.ExecutableInvoker.lambda$invoke$0(ExecutableInvoker.java:105)\n\tat org.junit.jupiter.engine.execution.InvocationInterceptorChain$InterceptedInvocation.proceed(InvocationInterceptorChain.java:106)\n\tat org.junit.jupiter.engine.extension.TimeoutExtension.intercept(TimeoutExtension.java:149)\n\tat org.junit.jupiter.engine.extension.TimeoutExtension.interceptTestableMethod(TimeoutExtension.java:140)\n\tat org.junit.jupiter.engine.extension.TimeoutExtension.interceptTestMethod(TimeoutExtension.java:84)\n\tat org.junit.jupiter.engine.execution.ExecutableInvoker$ReflectiveInterceptorCall.lambda$ofVoidMethod$0(ExecutableInvoker.java:115)\n\tat org.junit.jupiter.engine.execution.ExecutableInvoker.lambda$invoke$0(ExecutableInvoker.java:105)\n\tat org.junit.jupiter.engine.execution.InvocationInterceptorChain$InterceptedInvocation.proceed(InvocationInterceptorChain.java:106)\n\tat org.junit.jupiter.engine.execution.InvocationInterceptorChain.proceed(InvocationInterceptorChain.java:64)\n\tat org.junit.jupiter.engine.execution.InvocationInterceptorChain.chainAndInvoke(InvocationInterceptorChain.java:45)\n\tat org.junit.jupiter.engine.execution.InvocationInterceptorChain.invoke(InvocationInterceptorChain.java:37)\n\tat org.junit.jupiter.engine.execution.ExecutableInvoker.invoke(ExecutableInvoker.java:104)\n\tat org.junit.jupiter.engine.execution.ExecutableInvoker.invoke(ExecutableInvoker.java:98)\n\tat org.junit.jupiter.engine.descriptor.TestMethodTestDescriptor.lambda$invokeTestMethod$7(TestMethodTestDescriptor.java:214)\n\tat org.junit.platform.engine.support.hierarchical.ThrowableCollector.execute(ThrowableCollector.java:73)\n\tat org.junit.jupiter.engine.descriptor.TestMethodTestDescriptor.invokeTestMethod(TestMethodTestDescriptor.java:210)\n\tat org.junit.jupiter.engine.descriptor.TestMethodTestDescriptor.execute(TestMethodTestDescriptor.java:135)\n\tat org.junit.jupiter.engine.descriptor.TestMethodTestDescriptor.execute(TestMethodTestDescriptor.java:66)\n\tat org.junit.platform.engine.support.hierarchical.NodeTestTask.lambda$executeRecursively$6(NodeTestTask.java:151)\n\tat org.junit.platform.engine.support.hierarchical.ThrowableCollector.execute(ThrowableCollector.java:73)\n\tat org.junit.platform.engine.support.hierarchical.NodeTestTask.lambda$executeRecursively$8(NodeTestTask.java:141)\n\tat org.junit.platform.engine.support.hierarchical.Node.around(Node.java:137)\n\tat org.junit.platform.engine.support.hierarchical.NodeTestTask.lambda$executeRecursively$9(NodeTestTask.java:139)\n\tat org.junit.platform.engine.support.hierarchical.ThrowableCollector.execute(ThrowableCollector.java:73)\n\tat org.junit.platform.engine.support.hierarchical.NodeTestTask.executeRecursively(NodeTestTask.java:138)\n\tat org.junit.platform.engine.support.hierarchical.NodeTestTask.execute(NodeTestTask.java:95)\n\tat java.base/java.util.ArrayList.forEach(ArrayList.java:1541)\n\tat org.junit.platform.engine.support.hierarchical.SameThreadHierarchicalTestExecutorService.invokeAll(SameThreadHierarchicalTestExecutorService.java:41)\n\tat org.junit.platform.engine.support.hierarchical.NodeTestTask.lambda$executeRecursively$6(NodeTestTask.java:155)\n\tat org.junit.platform.engine.support.hierarchical.ThrowableCollector.execute(ThrowableCollector.java:73)\n\tat org.junit.platform.engine.support.hierarchical.NodeTestTask.lambda$executeRecursively$8(NodeTestTask.java:141)\n\tat org.junit.platform.engine.support.hierarchical.Node.around(Node.java:137)\n\tat org.junit.platform.engine.support.hierarchical.NodeTestTask.lambda$executeRecursively$9(NodeTestTask.java:139)\n\tat org.junit.platform.engine.support.hierarchical.ThrowableCollector.execute(ThrowableCollector.java:73)\n\tat org.junit.platform.engine.support.hierarchical.NodeTestTask.executeRecursively(NodeTestTask.java:138)\n\tat org.junit.platform.engine.support.hierarchical.NodeTestTask.execute(NodeTestTask.java:95)\n\tat java.base/java.util.ArrayList.forEach(ArrayList.java:1541)\n\tat org.junit.platform.engine.support.hierarchical.SameThreadHierarchicalTestExecutorService.invokeAll(SameThreadHierarchicalTestExecutorService.java:41)\n\tat org.junit.platform.engine.support.hierarchical.NodeTestTask.lambda$executeRecursively$6(NodeTestTask.java:155)\n\tat org.junit.platform.engine.support.hierarchical.ThrowableCollector.execute(ThrowableCollector.java:73)\n\tat org.junit.platform.engine.support.hierarchical.NodeTestTask.lambda$executeRecursively$8(NodeTestTask.java:141)\n\tat org.junit.platform.engine.support.hierarchical.Node.around(Node.java:137)\n\tat org.junit.platform.engine.support.hierarchical.NodeTestTask.lambda$executeRecursively$9(NodeTestTask.java:139)\n\tat org.junit.platform.engine.support.hierarchical.ThrowableCollector.execute(ThrowableCollector.java:73)\n\tat org.junit.platform.engine.support.hierarchical.NodeTestTask.executeRecursively(NodeTestTask.java:138)\n\tat org.junit.platform.engine.support.hierarchical.NodeTestTask.execute(NodeTestTask.java:95)\n\tat org.junit.platform.engine.support.hierarchical.SameThreadHierarchicalTestExecutorService.submit(SameThreadHierarchicalTestExecutorService.java:35)\n\tat org.junit.platform.engine.support.hierarchical.HierarchicalTestExecutor.execute(HierarchicalTestExecutor.java:57)\n\tat org.junit.platform.engine.support.hierarchical.HierarchicalTestEngine.execute(HierarchicalTestEngine.java:54)\n\tat org.junit.platform.launcher.core.EngineExecutionOrchestrator.execute(EngineExecutionOrchestrator.java:107)\n\tat org.junit.platform.launcher.core.EngineExecutionOrchestrator.execute(EngineExecutionOrchestrator.java:88)\n\tat org.junit.platform.launcher.core.EngineExecutionOrchestrator.lambda$execute$0(EngineExecutionOrchestrator.java:54)\n\tat org.junit.platform.launcher.core.EngineExecutionOrchestrator.withInterceptedStreams(EngineExecutionOrchestrator.java:67)\n\tat org.junit.platform.launcher.core.EngineExecutionOrchestrator.execute(EngineExecutionOrchestrator.java:52)\n\tat org.junit.platform.launcher.core.DefaultLauncher.execute(DefaultLauncher.java:114)\n\tat org.junit.platform.launcher.core.DefaultLauncher.execute(DefaultLauncher.java:86)\n\tat org.junit.platform.launcher.core.DefaultLauncherSession$DelegatingLauncher.execute(DefaultLauncherSession.java:86)\n\tat org.junit.platform.launcher.core.SessionPerRequestLauncher.execute(SessionPerRequestLauncher.java:53)\n\tat org.gradle.api.internal.tasks.testing.junitplatform.JUnitPlatformTestClassProcessor$CollectAllTestClassesExecutor.processAllTestClasses(JUnitPlatformTestClassProcessor.java:99)\n\tat org.gradle.api.internal.tasks.testing.junitplatform.JUnitPlatformTestClassProcessor$CollectAllTestClassesExecutor.access$000(JUnitPlatformTestClassProcessor.java:79)\n\tat org.gradle.api.internal.tasks.testing.junitplatform.JUnitPlatformTestClassProcessor.stop(JUnitPlatformTestClassProcessor.java:75)\n\tat org.gradle.api.internal.tasks.testing.SuiteTestClassProcessor.stop(SuiteTestClassProcessor.java:61)\n\tat java.base/jdk.internal.reflect.NativeMethodAccessorImpl.invoke0(Native Method)\n\tat java.base/jdk.internal.reflect.NativeMethodAccessorImpl.invoke(NativeMethodAccessorImpl.java:62)\n\tat java.base/jdk.internal.reflect.DelegatingMethodAccessorImpl.invoke(DelegatingMethodAccessorImpl.java:43)\n\tat java.base/java.lang.reflect.Method.invoke(Method.java:566)\n\tat org.gradle.internal.dispatch.ReflectionDispatch.dispatch(ReflectionDispatch.java:36)\n\tat org.gradle.internal.dispatch.ReflectionDispatch.dispatch(ReflectionDispatch.java:24)\n\tat org.gradle.internal.dispatch.ContextClassLoaderDispatch.dispatch(ContextClassLoaderDispatch.java:33)\n\tat org.gradle.internal.dispatch.ProxyDispatchAdapter$DispatchingInvocationHandler.invoke(ProxyDispatchAdapter.java:94)\n\tat com.sun.proxy.$Proxy2.stop(Unknown Source)\n\tat org.gradle.api.internal.tasks.testing.worker.TestWorker$3.run(TestWorker.java:193)\n\tat org.gradle.api.internal.tasks.testing.worker.TestWorker.executeAndMaintainThreadName(TestWorker.java:129)\n\tat org.gradle.api.internal.tasks.testing.worker.TestWorker.execute(TestWorker.java:100)\n\tat org.gradle.api.internal.tasks.testing.worker.TestWorker.execute(TestWorker.java:60)\n\tat org.gradle.process.internal.worker.child.ActionExecutionWorker.execute(ActionExecutionWorker.java:56)\n\tat org.gradle.process.internal.worker.child.SystemApplicationClassLoaderWorker.call(SystemApplicationClassLoaderWorker.java:133)\n\tat org.gradle.process.internal.worker.child.SystemApplicationClassLoaderWorker.call(SystemApplicationClassLoaderWorker.java:71)\n\tat worker.org.gradle.process.internal.worker.GradleWorkerMain.run(GradleWorkerMain.java:69)\n\tat worker.org.gradle.process.internal.worker.GradleWorkerMain.main(GradleWorkerMain.java:74)\nCaused by: org.openqa.selenium.ElementClickInterceptedException: element click intercepted: Element <div class=\" css-2b097c-container\" id=\"state\">...</div> is not clickable at point (616, 602). Other element would receive the click: <iframe frameborder=\"0\" src=\"https://43f35d8b75f81f7491e869baa00c9c7c.safeframe.googlesyndication.com/safeframe/1-0-40/html/container.html\" id=\"google_ads_iframe_/21849154601,22343295815/Ad.Plus-Anchor_0\" title=\"3rd party ad content\" name=\"\" scrolling=\"no\" marginwidth=\"0\" marginheight=\"0\" width=\"728\" height=\"90\" data-is-safeframe=\"true\" sandbox=\"allow-forms allow-popups allow-popups-to-escape-sandbox allow-same-origin allow-scripts allow-top-navigation-by-user-activation\" role=\"region\" aria-label=\"Advertisement\" tabindex=\"0\" data-google-container-id=\"1\" style=\"border: 0px; vertical-align: bottom;\" data-load-complete=\"true\"></iframe>\n  (Session info: chrome=118.0.5993.117)\nBuild info: version: '4.13.0', revision: 'ba948ece5b*'\nSystem info: os.name: 'Linux', os.arch: 'amd64', os.version: '6.2.0-1015-azure', java.version: '11.0.21'\nDriver info: org.openqa.selenium.remote.RemoteWebDriver\nCommand: [a4f92f2409ad892adf857fb168dc41d2, clickElement {id=D1B90C50A3ADE817D7BE6CA75F998C41_element_192}]\nCapabilities {acceptInsecureCerts: true, browserName: chrome, browserVersion: 118.0.5993.117, chrome: {chromedriverVersion: 118.0.5993.70 (e52f33f30b91..., userDataDir: /tmp/.org.chromium.Chromium...}, fedcm:accounts: true, goog:chromeOptions: {debuggerAddress: localhost:41269}, networkConnectionEnabled: false, pageLoadStrategy: normal, platformName: linux, proxy: Proxy(), se:cdp: ws://localhost:4444/devtool..., setWindowRect: true, strictFileInteractability: false, timeouts: {implicit: 0, pageLoad: 300000, script: 30000}, unhandledPromptBehavior: accept, webauthn:extension:credBlob: true, webauthn:extension:largeBlob: true, webauthn:extension:minPinLength: true, webauthn:extension:prf: true, webauthn:virtualAuthenticators: true}\nElement: [[RemoteWebDriver: chrome on linux (a4f92f2409ad892adf857fb168dc41d2)] -> css selector: #state]\nSession ID: a4f92f2409ad892adf857fb168dc41d2\n\tat java.base/jdk.internal.reflect.NativeConstructorAccessorImpl.newInstance0(Native Method)\n\tat java.base/jdk.internal.reflect.NativeConstructorAccessorImpl.newInstance(NativeConstructorAccessorImpl.java:62)\n\tat java.base/jdk.internal.reflect.DelegatingConstructorAccessorImpl.newInstance(DelegatingConstructorAccessorImpl.java:45)\n\tat java.base/java.lang.reflect.Constructor.newInstance(Constructor.java:490)\n\tat org.openqa.selenium.remote.codec.w3c.W3CHttpResponseCodec.createException(W3CHttpResponseCodec.java:200)\n\tat org.openqa.selenium.remote.codec.w3c.W3CHttpResponseCodec.decode(W3CHttpResponseCodec.java:133)\n\tat org.openqa.selenium.remote.codec.w3c.W3CHttpResponseCodec.decode(W3CHttpResponseCodec.java:52)\n\tat org.openqa.selenium.remote.HttpCommandExecutor.execute(HttpCommandExecutor.java:191)\n\tat org.openqa.selenium.remote.RemoteWebDriver.execute(RemoteWebDriver.java:602)\n\tat org.openqa.selenium.remote.RemoteWebElement.execute(RemoteWebElement.java:224)\n\tat org.openqa.selenium.remote.RemoteWebElement.click(RemoteWebElement.java:77)\n\tat com.codeborne.selenide.commands.Click.defaultClick(Click.java:97)\n\tat com.codeborne.selenide.commands.Click.click(Click.java:54)\n\tat com.codeborne.selenide.commands.Click.execute(Click.java:31)\n\tat com.codeborne.selenide.commands.Click.execute(Click.java:21)\n\tat com.codeborne.selenide.commands.Commands.execute(Commands.java:165)\n\tat com.codeborne.selenide.impl.SelenideElementProxy.dispatchAndRetry(SelenideElementProxy.java:132)\n\t... 92 more\n","steps":[],"attachments":[{"uid":"517d40e1737a0d3d","name":"Screenshot","source":"517d40e1737a0d3d.png","type":"image/png","size":307633},{"uid":"a38decdd10eab7c7","name":"Page source","source":"a38decdd10eab7c7.html","type":"text/html","size":48049}],"parameters":[],"shouldDisplayMessage":true,"stepsCount":0,"attachmentsCount":2,"hasContent":true}],"attachments":[],"parameters":[],"shouldDisplayMessage":false,"stepsCount":20,"attachmentsCount":2,"hasContent":true},"afterStages":[],"labels":[{"name":"junit.platform.uniqueid","value":"[engine:junit-jupiter]/[class:testFormQa.testFormDr]/[method:testForm3Faker()]"},{"name":"host","value":"fv-az1429-482"},{"name":"thread","value":"2713@fv-az1429-482.Test worker(1)"},{"name":"framework","value":"junit-platform"},{"name":"language","value":"java"},{"name":"package","value":"testFormQa.testFormDr"},{"name":"testClass","value":"testFormQa.testFormDr"},{"name":"testMethod","value":"testForm3Faker"},{"name":"suite","value":"testFormQa.testFormDr"},{"name":"resultFormat","value":"allure2"}],"parameters":[],"links":[],"hidden":false,"retry":false,"extra":{"severity":"normal","retries":[],"categories":[{"name":"Product defects","matchedStatuses":[],"flaky":false}],"history":{"statistic":{"failed":3,"broken":0,"skipped":0,"passed":1,"unknown":0,"total":4},"items":[{"uid":"1c6c1f75dc17fc5f","reportUrl":"https://FirstBlackList.github.io/QA/15//#testresult/1c6c1f75dc17fc5f","status":"failed","statusDetails":"Invalid element state [#state]: element click intercepted: Element <div class=\" css-2b097c-container\" id=\"state\">...</div> is not clickable at point (616, 602). Other element would receive the click: <iframe frameborder=\"0\" src=\"https://575f742fdc37341a6d4c9af809f2edc2.safeframe.googlesyndication.com/safeframe/1-0-40/html/container.html\" id=\"google_ads_iframe_/21849154601,22343295815/Ad.Plus-Anchor_0\" title=\"3rd party ad content\" name=\"\" scrolling=\"no\" marginwidth=\"0\" marginheight=\"0\" width=\"728\" height=\"90\" data-is-safeframe=\"true\" sandbox=\"allow-forms allow-popups allow-popups-to-escape-sandbox allow-same-origin allow-scripts allow-top-navigation-by-user-activation\" role=\"region\" aria-label=\"Advertisement\" tabindex=\"0\" data-google-container-id=\"1\" style=\"border: 0px; vertical-align: bottom;\" data-load-complete=\"true\"></iframe>\nScreenshot: file:/home/runner/work/QA/QA/build/reports/tests/1699200699866.0.png\nPage source: file:/home/runner/work/QA/QA/build/reports/tests/1699200699866.0.html\nTimeout: 4 s.\nCaused by: ElementClickInterceptedException: element click intercepted: Element <div class=\" css-2b097c-container\" id=\"state\">...</div> is not clickable at point (616, 602). Other element would receive the click: <iframe frameborder=\"0\" src=\"https://575f742fdc37341a6d4c9af809f2edc2.safeframe.googlesyndication.com/safeframe/1-0-40/html/container.html\" id=\"google_ads_iframe_/21849154601,22343295815/Ad.Plus-Anchor_0\" title=\"3rd party ad content\" name=\"\" scrolling=\"no\" marginwidth=\"0\" marginheight=\"0\" width=\"728\" height=\"90\" data-is-safeframe=\"true\" sandbox=\"allow-forms allow-popups allow-popups-to-escape-sandbox allow-same-origin allow-scripts allow-top-navigation-by-user-activation\" role=\"region\" aria-label=\"Advertisement\" tabindex=\"0\" data-google-container-id=\"1\" style=\"border: 0px; vertical-align: bottom;\" data-load-complete=\"true\"></iframe>","time":{"start":1699200692556,"stop":1699200700175,"duration":7619}},{"uid":"b721f1ea3c9d64c6","reportUrl":"https://FirstBlackList.github.io/QA/14//#testresult/b721f1ea3c9d64c6","status":"passed","time":{"start":1699199235378,"stop":1699199237596,"duration":2218}},{"uid":"9cf2686e54335f93","reportUrl":"https://FirstBlackList.github.io/QA/13//#testresult/9cf2686e54335f93","status":"failed","statusDetails":"Invalid element state [by text: Uttar Pradesh]: element click intercepted: Element <div class=\" css-yt9ioa-option\" id=\"react-select-3-option-1\" tabindex=\"-1\">...</div> is not clickable at point (869, 892). Other element would receive the click: <div>...</div>\nScreenshot: file:/home/runner/work/QA/QA/build/reports/tests/1699198828712.2.png\nPage source: file:/home/runner/work/QA/QA/build/reports/tests/1699198828712.2.html\nTimeout: 4 s.\nCaused by: ElementClickInterceptedException: element click intercepted: Element <div class=\" css-yt9ioa-option\" id=\"react-select-3-option-1\" tabindex=\"-1\">...</div> is not clickable at point (869, 892). Other element would receive the click: <div>...</div>","time":{"start":1699198819715,"stop":1699198829034,"duration":9319}}]},"tags":[]},"source":"8bdeca9d6b0299d0.json","parameterValues":[]}