{"uid":"2fd5dfe91c758b03","name":"prm()","fullName":"_12LessonJunit.ParametrizeForm.prm","historyId":"1ac827dc35c1fdea39027b0e66f15e88","time":{"start":1699368999466,"stop":1699369005403,"duration":5937},"description":"","status":"failed","statusMessage":"Element not found {.recaptcha-checkbox-border}\nExpected: clickable: interactable and enabled\nScreenshot: file:/home/runner/work/QA/QA/build/reports/tests/1699369005229.2.png\nPage source: file:/home/runner/work/QA/QA/build/reports/tests/1699369005229.2.html\nTimeout: 4 s.\nCaused by: NoSuchElementException: no such element: Unable to locate element: {\"method\":\"css selector\",\"selector\":\".recaptcha-checkbox-border\"}","statusTrace":"Element not found {.recaptcha-checkbox-border}\nExpected: clickable: interactable and enabled\nScreenshot: file:/home/runner/work/QA/QA/build/reports/tests/1699369005229.2.png\nPage source: file:/home/runner/work/QA/QA/build/reports/tests/1699369005229.2.html\nTimeout: 4 s.\nCaused by: NoSuchElementException: no such element: Unable to locate element: {\"method\":\"css selector\",\"selector\":\".recaptcha-checkbox-border\"}\n\tat com.codeborne.selenide.impl.WebElementSource.createElementNotFoundError(WebElementSource.java:91)\n\tat com.codeborne.selenide.impl.ElementFinder.createElementNotFoundError(ElementFinder.java:142)\n\tat com.codeborne.selenide.impl.WebElementSource.handleError(WebElementSource.java:143)\n\tat com.codeborne.selenide.impl.WebElementSource.checkConditionAndReturnElement(WebElementSource.java:127)\n\tat com.codeborne.selenide.impl.WebElementSource.findAndAssertElementIsClickable(WebElementSource.java:173)\n\tat com.codeborne.selenide.commands.Click.findElement(Click.java:46)\n\tat com.codeborne.selenide.commands.Click.execute(Click.java:28)\n\tat com.codeborne.selenide.commands.Click.execute(Click.java:21)\n\tat com.codeborne.selenide.commands.Commands.execute(Commands.java:165)\n\tat com.codeborne.selenide.impl.SelenideElementProxy.dispatchAndRetry(SelenideElementProxy.java:132)\n\tat com.codeborne.selenide.impl.SelenideElementProxy.invoke(SelenideElementProxy.java:84)\n\tat com.sun.proxy.$Proxy35.click(Unknown Source)\n\tat _12LessonJunit.ParametrizeForm.prm(ParametrizeForm.java:42)\n\tat java.base/jdk.internal.reflect.NativeMethodAccessorImpl.invoke0(Native Method)\n\tat java.base/jdk.internal.reflect.NativeMethodAccessorImpl.invoke(NativeMethodAccessorImpl.java:62)\n\tat java.base/jdk.internal.reflect.DelegatingMethodAccessorImpl.invoke(DelegatingMethodAccessorImpl.java:43)\n\tat java.base/java.lang.reflect.Method.invoke(Method.java:566)\n\tat org.junit.platform.commons.util.ReflectionUtils.invokeMethod(ReflectionUtils.java:725)\n\tat org.junit.jupiter.engine.execution.MethodInvocation.proceed(MethodInvocation.java:60)\n\tat org.junit.jupiter.engine.execution.InvocationInterceptorChain$ValidatingInvocation.proceed(InvocationInterceptorChain.java:131)\n\tat org.junit.jupiter.api.extension.InvocationInterceptor.interceptTestMethod(InvocationInterceptor.java:118)\n\tat org.junit.jupiter.engine.execution.ExecutableInvoker$ReflectiveInterceptorCall.lambda$ofVoidMethod$0(ExecutableInvoker.java:115)\n\tat org.junit.jupiter.engine.execution.ExecutableInvoker.lambda$invoke$0(ExecutableInvoker.java:105)\n\tat org.junit.jupiter.engine.execution.InvocationInterceptorChain$InterceptedInvocation.proceed(InvocationInterceptorChain.java:106)\n\tat org.junit.jupiter.engine.extension.TimeoutExtension.intercept(TimeoutExtension.java:149)\n\tat org.junit.jupiter.engine.extension.TimeoutExtension.interceptTestableMethod(TimeoutExtension.java:140)\n\tat org.junit.jupiter.engine.extension.TimeoutExtension.interceptTestMethod(TimeoutExtension.java:84)\n\tat org.junit.jupiter.engine.execution.ExecutableInvoker$ReflectiveInterceptorCall.lambda$ofVoidMethod$0(ExecutableInvoker.java:115)\n\tat org.junit.jupiter.engine.execution.ExecutableInvoker.lambda$invoke$0(ExecutableInvoker.java:105)\n\tat org.junit.jupiter.engine.execution.InvocationInterceptorChain$InterceptedInvocation.proceed(InvocationInterceptorChain.java:106)\n\tat org.junit.jupiter.engine.execution.InvocationInterceptorChain.proceed(InvocationInterceptorChain.java:64)\n\tat org.junit.jupiter.engine.execution.InvocationInterceptorChain.chainAndInvoke(InvocationInterceptorChain.java:45)\n\tat org.junit.jupiter.engine.execution.InvocationInterceptorChain.invoke(InvocationInterceptorChain.java:37)\n\tat org.junit.jupiter.engine.execution.ExecutableInvoker.invoke(ExecutableInvoker.java:104)\n\tat org.junit.jupiter.engine.execution.ExecutableInvoker.invoke(ExecutableInvoker.java:98)\n\tat org.junit.jupiter.engine.descriptor.TestMethodTestDescriptor.lambda$invokeTestMethod$7(TestMethodTestDescriptor.java:214)\n\tat org.junit.platform.engine.support.hierarchical.ThrowableCollector.execute(ThrowableCollector.java:73)\n\tat org.junit.jupiter.engine.descriptor.TestMethodTestDescriptor.invokeTestMethod(TestMethodTestDescriptor.java:210)\n\tat org.junit.jupiter.engine.descriptor.TestMethodTestDescriptor.execute(TestMethodTestDescriptor.java:135)\n\tat org.junit.jupiter.engine.descriptor.TestMethodTestDescriptor.execute(TestMethodTestDescriptor.java:66)\n\tat org.junit.platform.engine.support.hierarchical.NodeTestTask.lambda$executeRecursively$6(NodeTestTask.java:151)\n\tat org.junit.platform.engine.support.hierarchical.ThrowableCollector.execute(ThrowableCollector.java:73)\n\tat org.junit.platform.engine.support.hierarchical.NodeTestTask.lambda$executeRecursively$8(NodeTestTask.java:141)\n\tat org.junit.platform.engine.support.hierarchical.Node.around(Node.java:137)\n\tat org.junit.platform.engine.support.hierarchical.NodeTestTask.lambda$executeRecursively$9(NodeTestTask.java:139)\n\tat org.junit.platform.engine.support.hierarchical.ThrowableCollector.execute(ThrowableCollector.java:73)\n\tat org.junit.platform.engine.support.hierarchical.NodeTestTask.executeRecursively(NodeTestTask.java:138)\n\tat org.junit.platform.engine.support.hierarchical.NodeTestTask.execute(NodeTestTask.java:95)\n\tat java.base/java.util.ArrayList.forEach(ArrayList.java:1541)\n\tat org.junit.platform.engine.support.hierarchical.SameThreadHierarchicalTestExecutorService.invokeAll(SameThreadHierarchicalTestExecutorService.java:41)\n\tat org.junit.platform.engine.support.hierarchical.NodeTestTask.lambda$executeRecursively$6(NodeTestTask.java:155)\n\tat org.junit.platform.engine.support.hierarchical.ThrowableCollector.execute(ThrowableCollector.java:73)\n\tat org.junit.platform.engine.support.hierarchical.NodeTestTask.lambda$executeRecursively$8(NodeTestTask.java:141)\n\tat org.junit.platform.engine.support.hierarchical.Node.around(Node.java:137)\n\tat org.junit.platform.engine.support.hierarchical.NodeTestTask.lambda$executeRecursively$9(NodeTestTask.java:139)\n\tat org.junit.platform.engine.support.hierarchical.ThrowableCollector.execute(ThrowableCollector.java:73)\n\tat org.junit.platform.engine.support.hierarchical.NodeTestTask.executeRecursively(NodeTestTask.java:138)\n\tat org.junit.platform.engine.support.hierarchical.NodeTestTask.execute(NodeTestTask.java:95)\n\tat java.base/java.util.ArrayList.forEach(ArrayList.java:1541)\n\tat org.junit.platform.engine.support.hierarchical.SameThreadHierarchicalTestExecutorService.invokeAll(SameThreadHierarchicalTestExecutorService.java:41)\n\tat org.junit.platform.engine.support.hierarchical.NodeTestTask.lambda$executeRecursively$6(NodeTestTask.java:155)\n\tat org.junit.platform.engine.support.hierarchical.ThrowableCollector.execute(ThrowableCollector.java:73)\n\tat org.junit.platform.engine.support.hierarchical.NodeTestTask.lambda$executeRecursively$8(NodeTestTask.java:141)\n\tat org.junit.platform.engine.support.hierarchical.Node.around(Node.java:137)\n\tat org.junit.platform.engine.support.hierarchical.NodeTestTask.lambda$executeRecursively$9(NodeTestTask.java:139)\n\tat org.junit.platform.engine.support.hierarchical.ThrowableCollector.execute(ThrowableCollector.java:73)\n\tat org.junit.platform.engine.support.hierarchical.NodeTestTask.executeRecursively(NodeTestTask.java:138)\n\tat org.junit.platform.engine.support.hierarchical.NodeTestTask.execute(NodeTestTask.java:95)\n\tat org.junit.platform.engine.support.hierarchical.SameThreadHierarchicalTestExecutorService.submit(SameThreadHierarchicalTestExecutorService.java:35)\n\tat org.junit.platform.engine.support.hierarchical.HierarchicalTestExecutor.execute(HierarchicalTestExecutor.java:57)\n\tat org.junit.platform.engine.support.hierarchical.HierarchicalTestEngine.execute(HierarchicalTestEngine.java:54)\n\tat org.junit.platform.launcher.core.EngineExecutionOrchestrator.execute(EngineExecutionOrchestrator.java:107)\n\tat org.junit.platform.launcher.core.EngineExecutionOrchestrator.execute(EngineExecutionOrchestrator.java:88)\n\tat org.junit.platform.launcher.core.EngineExecutionOrchestrator.lambda$execute$0(EngineExecutionOrchestrator.java:54)\n\tat org.junit.platform.launcher.core.EngineExecutionOrchestrator.withInterceptedStreams(EngineExecutionOrchestrator.java:67)\n\tat org.junit.platform.launcher.core.EngineExecutionOrchestrator.execute(EngineExecutionOrchestrator.java:52)\n\tat org.junit.platform.launcher.core.DefaultLauncher.execute(DefaultLauncher.java:114)\n\tat org.junit.platform.launcher.core.DefaultLauncher.execute(DefaultLauncher.java:86)\n\tat org.junit.platform.launcher.core.DefaultLauncherSession$DelegatingLauncher.execute(DefaultLauncherSession.java:86)\n\tat org.junit.platform.launcher.core.SessionPerRequestLauncher.execute(SessionPerRequestLauncher.java:53)\n\tat org.gradle.api.internal.tasks.testing.junitplatform.JUnitPlatformTestClassProcessor$CollectAllTestClassesExecutor.processAllTestClasses(JUnitPlatformTestClassProcessor.java:99)\n\tat org.gradle.api.internal.tasks.testing.junitplatform.JUnitPlatformTestClassProcessor$CollectAllTestClassesExecutor.access$000(JUnitPlatformTestClassProcessor.java:79)\n\tat org.gradle.api.internal.tasks.testing.junitplatform.JUnitPlatformTestClassProcessor.stop(JUnitPlatformTestClassProcessor.java:75)\n\tat org.gradle.api.internal.tasks.testing.SuiteTestClassProcessor.stop(SuiteTestClassProcessor.java:61)\n\tat java.base/jdk.internal.reflect.NativeMethodAccessorImpl.invoke0(Native Method)\n\tat java.base/jdk.internal.reflect.NativeMethodAccessorImpl.invoke(NativeMethodAccessorImpl.java:62)\n\tat java.base/jdk.internal.reflect.DelegatingMethodAccessorImpl.invoke(DelegatingMethodAccessorImpl.java:43)\n\tat java.base/java.lang.reflect.Method.invoke(Method.java:566)\n\tat org.gradle.internal.dispatch.ReflectionDispatch.dispatch(ReflectionDispatch.java:36)\n\tat org.gradle.internal.dispatch.ReflectionDispatch.dispatch(ReflectionDispatch.java:24)\n\tat org.gradle.internal.dispatch.ContextClassLoaderDispatch.dispatch(ContextClassLoaderDispatch.java:33)\n\tat org.gradle.internal.dispatch.ProxyDispatchAdapter$DispatchingInvocationHandler.invoke(ProxyDispatchAdapter.java:94)\n\tat com.sun.proxy.$Proxy2.stop(Unknown Source)\n\tat org.gradle.api.internal.tasks.testing.worker.TestWorker$3.run(TestWorker.java:193)\n\tat org.gradle.api.internal.tasks.testing.worker.TestWorker.executeAndMaintainThreadName(TestWorker.java:129)\n\tat org.gradle.api.internal.tasks.testing.worker.TestWorker.execute(TestWorker.java:100)\n\tat org.gradle.api.internal.tasks.testing.worker.TestWorker.execute(TestWorker.java:60)\n\tat org.gradle.process.internal.worker.child.ActionExecutionWorker.execute(ActionExecutionWorker.java:56)\n\tat org.gradle.process.internal.worker.child.SystemApplicationClassLoaderWorker.call(SystemApplicationClassLoaderWorker.java:133)\n\tat org.gradle.process.internal.worker.child.SystemApplicationClassLoaderWorker.call(SystemApplicationClassLoaderWorker.java:71)\n\tat worker.org.gradle.process.internal.worker.GradleWorkerMain.run(GradleWorkerMain.java:69)\n\tat worker.org.gradle.process.internal.worker.GradleWorkerMain.main(GradleWorkerMain.java:74)\nCaused by: org.openqa.selenium.NoSuchElementException: no such element: Unable to locate element: {\"method\":\"css selector\",\"selector\":\".recaptcha-checkbox-border\"}\n  (Session info: chrome=119.0.6045.105)\nFor documentation on this error, please visit: https://www.selenium.dev/documentation/webdriver/troubleshooting/errors#no-such-element-exception\nBuild info: version: '4.13.0', revision: 'ba948ece5b*'\nSystem info: os.name: 'Linux', os.arch: 'amd64', os.version: '6.2.0-1015-azure', java.version: '11.0.21'\nDriver info: org.openqa.selenium.remote.RemoteWebDriver\nCommand: [8372c270e5c529505ae1f839a8b6af53, findElement {using=css selector, value=.recaptcha-checkbox-border}]\nCapabilities {acceptInsecureCerts: true, browserName: chrome, browserVersion: 119.0.6045.105, chrome: {chromedriverVersion: 119.0.6045.105 (38c72552c5e..., userDataDir: /tmp/.org.chromium.Chromium...}, fedcm:accounts: true, goog:chromeOptions: {debuggerAddress: localhost:40813}, networkConnectionEnabled: false, pageLoadStrategy: eager, platformName: linux, proxy: Proxy(), se:cdp: ws://localhost:4444/devtool..., setWindowRect: true, strictFileInteractability: false, timeouts: {implicit: 0, pageLoad: 300000, script: 30000}, unhandledPromptBehavior: accept, webauthn:extension:credBlob: true, webauthn:extension:largeBlob: true, webauthn:extension:minPinLength: true, webauthn:extension:prf: true, webauthn:virtualAuthenticators: true}\nSession ID: 8372c270e5c529505ae1f839a8b6af53\n\tat jdk.internal.reflect.GeneratedConstructorAccessor12.newInstance(Unknown Source)\n\tat java.base/jdk.internal.reflect.DelegatingConstructorAccessorImpl.newInstance(DelegatingConstructorAccessorImpl.java:45)\n\tat java.base/java.lang.reflect.Constructor.newInstance(Constructor.java:490)\n\tat org.openqa.selenium.remote.codec.w3c.W3CHttpResponseCodec.createException(W3CHttpResponseCodec.java:200)\n\tat org.openqa.selenium.remote.codec.w3c.W3CHttpResponseCodec.decode(W3CHttpResponseCodec.java:133)\n\tat org.openqa.selenium.remote.codec.w3c.W3CHttpResponseCodec.decode(W3CHttpResponseCodec.java:52)\n\tat org.openqa.selenium.remote.HttpCommandExecutor.execute(HttpCommandExecutor.java:191)\n\tat org.openqa.selenium.remote.RemoteWebDriver.execute(RemoteWebDriver.java:602)\n\tat org.openqa.selenium.remote.ElementLocation$ElementFinder$2.findElement(ElementLocation.java:165)\n\tat org.openqa.selenium.remote.ElementLocation.findElement(ElementLocation.java:59)\n\tat org.openqa.selenium.remote.RemoteWebDriver.findElement(RemoteWebDriver.java:359)\n\tat org.openqa.selenium.remote.RemoteWebDriver.findElement(RemoteWebDriver.java:353)\n\tat com.codeborne.selenide.impl.WebElementSelector.findElement(WebElementSelector.java:70)\n\tat com.codeborne.selenide.impl.WebElementSelector.findElement(WebElementSelector.java:44)\n\tat com.codeborne.selenide.impl.WebElementSelector.findElement(WebElementSelector.java:33)\n\tat com.codeborne.selenide.impl.ElementFinder.getWebElement(ElementFinder.java:122)\n\tat com.codeborne.selenide.impl.WebElementSource.checkConditionAndReturnElement(WebElementSource.java:116)\n\t... 98 more\n","flaky":false,"newFailed":false,"newBroken":false,"newPassed":false,"retriesCount":0,"retriesStatusChange":false,"beforeStages":[{"name":"setUp","time":{"start":1699368999467,"stop":1699368999877,"duration":410},"status":"passed","steps":[],"attachments":[],"parameters":[],"shouldDisplayMessage":false,"stepsCount":0,"attachmentsCount":0,"hasContent":false}],"afterStages":[],"labels":[{"name":"junit.platform.uniqueid","value":"[engine:junit-jupiter]/[class:_12LessonJunit.ParametrizeForm]/[method:prm()]"},{"name":"host","value":"fv-az169-664"},{"name":"thread","value":"2570@fv-az169-664.Test worker(1)"},{"name":"framework","value":"junit-platform"},{"name":"language","value":"java"},{"name":"package","value":"_12LessonJunit.ParametrizeForm"},{"name":"testClass","value":"_12LessonJunit.ParametrizeForm"},{"name":"testMethod","value":"prm"},{"name":"suite","value":"_12LessonJunit.ParametrizeForm"},{"name":"resultFormat","value":"allure2"}],"parameters":[],"links":[],"hidden":false,"retry":false,"extra":{"severity":"normal","retries":[],"categories":[{"name":"Product defects","matchedStatuses":[],"flaky":false}],"history":{"statistic":{"failed":19,"broken":0,"skipped":0,"passed":0,"unknown":0,"total":19},"items":[{"uid":"b3d935ea96e7a74d","reportUrl":"https://FirstBlackList.github.io/QA/56//#testresult/b3d935ea96e7a74d","status":"failed","statusDetails":"Element not found {.recaptcha-checkbox-border}\nExpected: clickable: interactable and enabled\nScreenshot: file:/home/runner/work/QA/QA/build/reports/tests/1699368639706.2.png\nPage source: file:/home/runner/work/QA/QA/build/reports/tests/1699368639706.2.html\nTimeout: 4 s.\nCaused by: NoSuchElementException: no such element: Unable to locate element: {\"method\":\"css selector\",\"selector\":\".recaptcha-checkbox-border\"}","time":{"start":1699368633914,"stop":1699368639839,"duration":5925}},{"uid":"6e9cccbadf61599b","reportUrl":"https://FirstBlackList.github.io/QA/55//#testresult/6e9cccbadf61599b","status":"failed","statusDetails":"Element not found {.recaptcha-checkbox-border}\nExpected: clickable: interactable and enabled\nScreenshot: file:/home/runner/work/QA/QA/build/reports/tests/1699368362451.1.png\nPage source: file:/home/runner/work/QA/QA/build/reports/tests/1699368362451.1.html\nTimeout: 4 s.\nCaused by: NoSuchElementException: no such element: Unable to locate element: {\"method\":\"css selector\",\"selector\":\".recaptcha-checkbox-border\"}","time":{"start":1699368357472,"stop":1699368362550,"duration":5078}},{"uid":"3addae4393d45c48","reportUrl":"https://FirstBlackList.github.io/QA/54//#testresult/3addae4393d45c48","status":"failed","statusDetails":"Element not found {.recaptcha-checkbox-border}\nExpected: clickable: interactable and enabled\nScreenshot: file:/home/runner/work/QA/QA/build/reports/tests/1699368197945.1.png\nPage source: file:/home/runner/work/QA/QA/build/reports/tests/1699368197945.1.html\nTimeout: 4 s.\nCaused by: NoSuchElementException: no such element: Unable to locate element: {\"method\":\"css selector\",\"selector\":\".recaptcha-checkbox-border\"}","time":{"start":1699368193008,"stop":1699368198052,"duration":5044}},{"uid":"cbdd1463f910a6c9","reportUrl":"https://FirstBlackList.github.io/QA/53//#testresult/cbdd1463f910a6c9","status":"failed","statusDetails":"Element not found {.recaptcha-checkbox-border}\nExpected: clickable: interactable and enabled\nScreenshot: file:/home/runner/work/QA/QA/build/reports/tests/1699367718941.2.png\nPage source: file:/home/runner/work/QA/QA/build/reports/tests/1699367718941.2.html\nTimeout: 4 s.\nCaused by: NoSuchElementException: no such element: Unable to locate element: {\"method\":\"css selector\",\"selector\":\".recaptcha-checkbox-border\"}","time":{"start":1699367712847,"stop":1699367719088,"duration":6241}},{"uid":"b6036ebcf727e0a0","reportUrl":"https://FirstBlackList.github.io/QA/51//#testresult/b6036ebcf727e0a0","status":"failed","statusDetails":"Element not found {.recaptcha-checkbox-border}\nExpected: clickable: interactable and enabled\nScreenshot: file:/home/runner/work/QA/QA/build/reports/tests/1699337654839.2.png\nPage source: file:/home/runner/work/QA/QA/build/reports/tests/1699337654839.2.html\nTimeout: 4 s.\nCaused by: NoSuchElementException: no such element: Unable to locate element: {\"method\":\"css selector\",\"selector\":\".recaptcha-checkbox-border\"}","time":{"start":1699337649795,"stop":1699337654951,"duration":5156}},{"uid":"772bebf629ae665e","reportUrl":"https://FirstBlackList.github.io/QA/50//#testresult/772bebf629ae665e","status":"failed","statusDetails":"Element not found {.recaptcha-checkbox-border}\nExpected: clickable: interactable and enabled\nScreenshot: file:/home/runner/work/QA/QA/build/reports/tests/1699337440518.1.png\nPage source: file:/home/runner/work/QA/QA/build/reports/tests/1699337440518.1.html\nTimeout: 4 s.\nCaused by: NoSuchElementException: no such element: Unable to locate element: {\"method\":\"css selector\",\"selector\":\".recaptcha-checkbox-border\"}","time":{"start":1699337435088,"stop":1699337440636,"duration":5548}},{"uid":"f02ccfa0a72e78e9","reportUrl":"https://FirstBlackList.github.io/QA/49//#testresult/f02ccfa0a72e78e9","status":"failed","statusDetails":"Element not found {.recaptcha-checkbox-border}\nExpected: clickable: interactable and enabled\nScreenshot: file:/home/runner/work/QA/QA/build/reports/tests/1699305003233.1.png\nPage source: file:/home/runner/work/QA/QA/build/reports/tests/1699305003233.1.html\nTimeout: 4 s.\nCaused by: NoSuchElementException: no such element: Unable to locate element: {\"method\":\"css selector\",\"selector\":\".recaptcha-checkbox-border\"}","time":{"start":1699304998239,"stop":1699305003330,"duration":5091}},{"uid":"f4f095acb97f9335","reportUrl":"https://FirstBlackList.github.io/QA/48//#testresult/f4f095acb97f9335","status":"failed","statusDetails":"Element not found {.recaptcha-checkbox-border}\nExpected: clickable: interactable and enabled\nScreenshot: file:/home/runner/work/QA/QA/build/reports/tests/1699298203335.1.png\nPage source: file:/home/runner/work/QA/QA/build/reports/tests/1699298203335.1.html\nTimeout: 4 s.\nCaused by: NoSuchElementException: no such element: Unable to locate element: {\"method\":\"css selector\",\"selector\":\".recaptcha-checkbox-border\"}","time":{"start":1699298197208,"stop":1699298203486,"duration":6278}},{"uid":"7e319aa8a3631216","reportUrl":"https://FirstBlackList.github.io/QA/47//#testresult/7e319aa8a3631216","status":"failed","statusDetails":"Element not found {.recaptcha-checkbox-border}\nExpected: clickable: interactable and enabled\nScreenshot: file:/home/runner/work/QA/QA/build/reports/tests/1699296441643.1.png\nPage source: file:/home/runner/work/QA/QA/build/reports/tests/1699296441643.1.html\nTimeout: 4 s.\nCaused by: NoSuchElementException: no such element: Unable to locate element: {\"method\":\"css selector\",\"selector\":\".recaptcha-checkbox-border\"}","time":{"start":1699296436650,"stop":1699296441741,"duration":5091}},{"uid":"d7a95256b29fa6ee","reportUrl":"https://FirstBlackList.github.io/QA/46//#testresult/d7a95256b29fa6ee","status":"failed","statusDetails":"Element not found {.recaptcha-checkbox-border}\nExpected: clickable: interactable and enabled\nScreenshot: file:/home/runner/work/QA/QA/build/reports/tests/1699296379074.1.png\nPage source: file:/home/runner/work/QA/QA/build/reports/tests/1699296379074.1.html\nTimeout: 4 s.\nCaused by: NoSuchElementException: no such element: Unable to locate element: {\"method\":\"css selector\",\"selector\":\".recaptcha-checkbox-border\"}","time":{"start":1699296373539,"stop":1699296379197,"duration":5658}},{"uid":"7cccc7570189f7e1","reportUrl":"https://FirstBlackList.github.io/QA/45//#testresult/7cccc7570189f7e1","status":"failed","statusDetails":"Element not found {.recaptcha-checkbox-border}\nExpected: clickable: interactable and enabled\nScreenshot: file:/home/runner/work/QA/QA/build/reports/tests/1699289294463.2.png\nPage source: file:/home/runner/work/QA/QA/build/reports/tests/1699289294463.2.html\nTimeout: 4 s.\nCaused by: NoSuchElementException: no such element: Unable to locate element: {\"method\":\"css selector\",\"selector\":\".recaptcha-checkbox-border\"}","time":{"start":1699289288932,"stop":1699289294597,"duration":5665}},{"uid":"73f628d2beeb2c01","reportUrl":"https://FirstBlackList.github.io/QA/44//#testresult/73f628d2beeb2c01","status":"failed","statusDetails":"Element not found {.recaptcha-checkbox-border}\nExpected: clickable: interactable and enabled\nScreenshot: file:/home/runner/work/QA/QA/build/reports/tests/1699286503021.2.png\nPage source: file:/home/runner/work/QA/QA/build/reports/tests/1699286503021.2.html\nTimeout: 4 s.\nCaused by: NoSuchElementException: no such element: Unable to locate element: {\"method\":\"css selector\",\"selector\":\".recaptcha-checkbox-border\"}","time":{"start":1699286498074,"stop":1699286503115,"duration":5041}},{"uid":"a7a2bbdd075b3823","reportUrl":"https://FirstBlackList.github.io/QA/43//#testresult/a7a2bbdd075b3823","status":"failed","statusDetails":"Element not found {.recaptcha-checkbox-border}\nExpected: clickable: interactable and enabled\nScreenshot: file:/home/runner/work/QA/QA/build/reports/tests/1699285645343.1.png\nPage source: file:/home/runner/work/QA/QA/build/reports/tests/1699285645343.1.html\nTimeout: 4 s.\nCaused by: NoSuchElementException: no such element: Unable to locate element: {\"method\":\"css selector\",\"selector\":\".recaptcha-checkbox-border\"}","time":{"start":1699285640350,"stop":1699285645446,"duration":5096}},{"uid":"357ba15d92f86b95","reportUrl":"https://FirstBlackList.github.io/QA/42//#testresult/357ba15d92f86b95","status":"failed","statusDetails":"Element not found {.recaptcha-checkbox-border}\nExpected: clickable: interactable and enabled\nScreenshot: file:/home/runner/work/QA/QA/build/reports/tests/1699285408030.2.png\nPage source: file:/home/runner/work/QA/QA/build/reports/tests/1699285408030.2.html\nTimeout: 4 s.\nCaused by: NoSuchElementException: no such element: Unable to locate element: {\"method\":\"css selector\",\"selector\":\".recaptcha-checkbox-border\"}","time":{"start":1699285402146,"stop":1699285408182,"duration":6036}},{"uid":"468d3c68d3312a3","reportUrl":"https://FirstBlackList.github.io/QA/41//#testresult/468d3c68d3312a3","status":"failed","statusDetails":"Element not found {.recaptcha-checkbox-border}\nExpected: clickable: interactable and enabled\nScreenshot: file:/home/runner/work/QA/QA/build/reports/tests/1699284801457.1.png\nPage source: file:/home/runner/work/QA/QA/build/reports/tests/1699284801457.1.html\nTimeout: 4 s.\nCaused by: NoSuchElementException: no such element: Unable to locate element: {\"method\":\"css selector\",\"selector\":\".recaptcha-checkbox-border\"}","time":{"start":1699284796443,"stop":1699284801554,"duration":5111}},{"uid":"3e4a4908e048f818","reportUrl":"https://FirstBlackList.github.io/QA/40//#testresult/3e4a4908e048f818","status":"failed","statusDetails":"Element not found {.recaptcha-checkbox-border}\nExpected: clickable: interactable and enabled\nScreenshot: file:/home/runner/work/QA/QA/build/reports/tests/1699284283978.1.png\nPage source: file:/home/runner/work/QA/QA/build/reports/tests/1699284283978.1.html\nTimeout: 4 s.\nCaused by: NoSuchElementException: no such element: Unable to locate element: {\"method\":\"css selector\",\"selector\":\".recaptcha-checkbox-border\"}","time":{"start":1699284278912,"stop":1699284284077,"duration":5165}},{"uid":"bec7ddd76c2d2639","reportUrl":"https://FirstBlackList.github.io/QA/38//#testresult/bec7ddd76c2d2639","status":"failed","statusDetails":"Element not found {.recaptcha-checkbox-border}\nExpected: clickable: interactable and enabled\nScreenshot: file:/home/runner/work/QA/QA/build/reports/tests/1699284057852.2.png\nPage source: file:/home/runner/work/QA/QA/build/reports/tests/1699284057852.2.html\nTimeout: 4 s.\nCaused by: NoSuchElementException: no such element: Unable to locate element: {\"method\":\"css selector\",\"selector\":\".recaptcha-checkbox-border\"}","time":{"start":1699284051816,"stop":1699284058007,"duration":6191}},{"uid":"16fbd81cdd74018f","reportUrl":"https://FirstBlackList.github.io/QA/37//#testresult/16fbd81cdd74018f","status":"failed","statusDetails":"Element not found {.recaptcha-checkbox-border}\nExpected: clickable: interactable and enabled\nScreenshot: file:/home/runner/work/QA/QA/build/reports/tests/1699283868508.2.png\nPage source: file:/home/runner/work/QA/QA/build/reports/tests/1699283868508.2.html\nTimeout: 4 s.\nCaused by: NoSuchElementException: no such element: Unable to locate element: {\"method\":\"css selector\",\"selector\":\".recaptcha-checkbox-border\"}","time":{"start":1699283862539,"stop":1699283868664,"duration":6125}}]},"tags":[]},"source":"2fd5dfe91c758b03.json","parameterValues":[]}